<?xml version="1.0" encoding="UTF-8"?>
<robot generator="Robot 7.1.1 (Python 3.10.9 on win32)" generated="2025-10-30T17:22:49.283045" rpa="false" schemaversion="5">
<suite id="s1" name="QAPI-63 UploadPaymentPproof WithOverpayment Approved" source="D:\workspace\fuse\automation-test\tests\module\UploadProof\QAPI-63_UploadPaymentPproof_WithOverpayment_Approved.robot">
<test id="s1-t1" name="Upload payment proof with overpayment,Policy in payment billing workflow approved success" line="36">
<kw name="Setup Env Variable" owner="resource" type="SETUP">
<kw name="Load Environment" owner="load_env">
<msg time="2025-10-30T17:22:50.610497" level="INFO">uat</msg>
<msg time="2025-10-30T17:22:50.612491" level="INFO">${env_vars} = {'ENV': 'uat', 'FUSE_ACCOUNT': '628123268989', 'FUSE_PASSWORD': '123456a', 'TENANT_ID': '1000662', 'KTP_NO': '6398630909968523', 'EMAIL': '3063868754@qq.com', 'BOSS_ACCOUNT': 'ceo001', 'BOSS_PASSWORD'...</msg>
<var>${env_vars}</var>
<status status="PASS" start="2025-10-30T17:22:50.606506" elapsed="0.005985"/>
</kw>
<kw name="Set Test Variable" owner="BuiltIn">
<msg time="2025-10-30T17:22:50.614487" level="INFO">${env_vars} = {'ENV': 'uat', 'FUSE_ACCOUNT': '628123268989', 'FUSE_PASSWORD': '123456a', 'TENANT_ID': '1000662', 'KTP_NO': '6398630909968523', 'EMAIL': '3063868754@qq.com', 'BOSS_ACCOUNT': 'ceo001', 'BOSS_PASSWORD'...</msg>
<arg>${env_vars}</arg>
<doc>Makes a variable available everywhere within the scope of the current test.</doc>
<status status="PASS" start="2025-10-30T17:22:50.613489" elapsed="0.000998"/>
</kw>
<doc>Setup Data Environtment</doc>
<status status="PASS" start="2025-10-30T17:22:50.604511" elapsed="0.009976"/>
</kw>
<kw name="Given Setup Data Testing">
<kw name="Log" owner="BuiltIn">
<msg time="2025-10-30T17:22:50.616480" level="INFO">Car_PlaceOrderData.json</msg>
<arg>${ORDER_MSG_BODY_FILE_PATH}</arg>
<doc>Logs the given message with the given level.</doc>
<status status="PASS" start="2025-10-30T17:22:50.616480" elapsed="0.000996"/>
</kw>
<kw name="Log" owner="BuiltIn">
<msg time="2025-10-30T17:22:50.618474" level="INFO">resources/data/uat/</msg>
<arg>${env_vars}[DATA_BASEURL]</arg>
<doc>Logs the given message with the given level.</doc>
<status status="PASS" start="2025-10-30T17:22:50.617476" elapsed="0.000998"/>
</kw>
<kw name="Set Variable" owner="BuiltIn">
<msg time="2025-10-30T17:22:50.619471" level="INFO">${ORDER_MSG_BODY_FILE_PATH} = resources/data/uat/Car_PlaceOrderData.json</msg>
<var>${ORDER_MSG_BODY_FILE_PATH}</var>
<arg>${env_vars}[DATA_BASEURL]${ORDER_MSG_BODY_FILE_PATH}</arg>
<doc>Returns the given values which can then be assigned to a variables.</doc>
<status status="PASS" start="2025-10-30T17:22:50.618474" elapsed="0.000997"/>
</kw>
<kw name="Log" owner="BuiltIn">
<msg time="2025-10-30T17:22:50.620468" level="INFO">resources/data/uat/Car_PlaceOrderData.json</msg>
<arg>${ORDER_MSG_BODY_FILE_PATH}</arg>
<doc>Logs the given message with the given level.</doc>
<status status="PASS" start="2025-10-30T17:22:50.620468" elapsed="0.000000"/>
</kw>
<kw name="Load Json From File" owner="JSONLibrary">
<msg time="2025-10-30T17:22:50.623460" level="INFO">${ORDER_MSG_AP_POSITIVE_DATA} = {'quotationBody': {'bizSource': 2, 'categoryId': '49', 'coverageDataJson': {'auditFlag': True, 'discountSwitch': False, 'express': 0, 'filterRawProductCode': 'R_00139', 'mainInsuranceCompanyCode': '66...</msg>
<var>${ORDER_MSG_AP_POSITIVE_DATA}</var>
<arg>${ORDER_MSG_BODY_FILE_PATH}</arg>
<doc>Load JSON from file.</doc>
<status status="PASS" start="2025-10-30T17:22:50.621465" elapsed="0.001995"/>
</kw>
<kw name="Set Test Variable" owner="BuiltIn">
<msg time="2025-10-30T17:22:50.625457" level="INFO">${ORDER_MSG_AP_POSITIVE_DATA} = {'quotationBody': {'bizSource': 2, 'categoryId': '49', 'coverageDataJson': {'auditFlag': True, 'discountSwitch': False, 'express': 0, 'filterRawProductCode': 'R_00139', 'mainInsuranceCompanyCode': '66...</msg>
<arg>${ORDER_MSG_AP_POSITIVE_DATA}</arg>
<doc>Makes a variable available everywhere within the scope of the current test.</doc>
<status status="PASS" start="2025-10-30T17:22:50.624492" elapsed="0.001995"/>
</kw>
<kw name="Load Json From File" owner="JSONLibrary">
<msg time="2025-10-30T17:22:50.628447" level="INFO">${AP_POSITIVE_DATA} = {'uploadPaymentProof': {'paymentBillNo': '1881126806620438530', 'uploadProofLs': [{'amount': 2683152, 'attachmentLs': [{'fileKey': 'fuse-id-core-prod-rw_images/20250120/3e17f063bc8f403caa0139b1aa33795...</msg>
<var>${AP_POSITIVE_DATA}</var>
<arg>${BODY_FILE_PATH}</arg>
<arg>encoding=UTF-8</arg>
<doc>Load JSON from file.</doc>
<status status="PASS" start="2025-10-30T17:22:50.626487" elapsed="0.001960"/>
</kw>
<kw name="Set Test Variable" owner="BuiltIn">
<msg time="2025-10-30T17:22:50.630442" level="INFO">${AP_POSITIVE_DATA} = {'uploadPaymentProof': {'paymentBillNo': '1881126806620438530', 'uploadProofLs': [{'amount': 2683152, 'attachmentLs': [{'fileKey': 'fuse-id-core-prod-rw_images/20250120/3e17f063bc8f403caa0139b1aa33795...</msg>
<arg>${AP_POSITIVE_DATA}</arg>
<doc>Makes a variable available everywhere within the scope of the current test.</doc>
<status status="PASS" start="2025-10-30T17:22:50.629446" elapsed="0.000996"/>
</kw>
<status status="PASS" start="2025-10-30T17:22:50.615482" elapsed="0.014960"/>
</kw>
<kw name="When I have an unpaid order and have logined to Boss">
<kw name="Login to Application using mobile" owner="login">
<kw name="Send Request And Get Response Data" owner="api_bylogin">
<kw name="Run Keyword If" owner="BuiltIn">
<kw name="Set Test Variable" owner="BuiltIn">
<msg time="2025-10-30T17:22:50.638421" level="INFO">${base_url} = https://sso-uat.fuse.co.id</msg>
<arg>${base_url}</arg>
<arg>https://sso-${env}.fuse.co.id</arg>
<doc>Makes a variable available everywhere within the scope of the current test.</doc>
<status status="PASS" start="2025-10-30T17:22:50.637425" elapsed="0.001994"/>
</kw>
<arg>'${env}' == 'pre'</arg>
<arg>Set Test Variable</arg>
<arg>${base_url}</arg>
<arg>https://sso.fuse.co.id</arg>
<arg>ELSE</arg>
<arg>Set Test Variable</arg>
<arg>${base_url}</arg>
<arg>https://sso-${env}.fuse.co.id</arg>
<doc>Runs the given keyword with the given arguments, if ``condition`` is true.</doc>
<status status="PASS" start="2025-10-30T17:22:50.635430" elapsed="0.003989"/>
</kw>
<kw name="Set Variable" owner="BuiltIn">
<msg time="2025-10-30T17:22:50.640416" level="INFO">${path} = /api/sso/h5/user/tenants/byLogin</msg>
<var>${path}</var>
<arg>/api/sso/h5/user/tenants/byLogin</arg>
<doc>Returns the given values which can then be assigned to a variables.</doc>
<status status="PASS" start="2025-10-30T17:22:50.640416" elapsed="0.000000"/>
</kw>
<kw name="Create Dictionary" owner="BuiltIn">
<msg time="2025-10-30T17:22:50.641412" level="INFO">${headers} = {'Content-Type': 'application/json', 'clientType': 'ANDROID', 'appCode': 'IDP_FUSE_PRO'}</msg>
<var>${headers}</var>
<arg>Content-Type=application/json</arg>
<arg>clientType=ANDROID</arg>
<arg>appCode=IDP_FUSE_PRO</arg>
<doc>Creates and returns a dictionary based on the given ``items``.</doc>
<status status="PASS" start="2025-10-30T17:22:50.641412" elapsed="0.000999"/>
</kw>
<kw name="Evaluate" owner="BuiltIn">
<msg time="2025-10-30T17:22:50.643408" level="INFO">${payload} = {"loginAccount": "628123268989", "password": "123456a", "loginMethod": "mobile"}</msg>
<var>${payload}</var>
<arg>json.dumps({"loginAccount": "${loginAccount}","password": "${password}", "loginMethod": "${loginMethod}"})</arg>
<doc>Evaluates the given expression in Python and returns the result.</doc>
<status status="PASS" start="2025-10-30T17:22:50.642411" elapsed="0.000997"/>
</kw>
<kw name="Send Post Request And Get Response Data" owner="httpCommon">
<kw name="Create Session" owner="RequestsLibrary">
<msg time="2025-10-30T17:22:50.646398" level="INFO">Creating Session using : alias=session, url=https://sso-uat.fuse.co.id, headers={'Content-Type': 'application/json', 'clientType': 'ANDROID', 'appCode': 'IDP_FUSE_PRO'},                     cookies={}, auth=None, timeout=None, proxies=None, verify=True,                     debug=0 </msg>
<arg>session</arg>
<arg>${url}</arg>
<arg>headers=&amp;{headers}</arg>
<arg>verify=true</arg>
<doc>Create Session: create a HTTP session to a server</doc>
<status status="PASS" start="2025-10-30T17:22:50.645402" elapsed="0.001997"/>
</kw>
<kw name="POST On Session" owner="RequestsLibrary">
<msg time="2025-10-30T17:22:50.902714" level="INFO">POST Request : url=https://sso-uat.fuse.co.id/api/sso/h5/user/tenants/byLogin 
 path_url=/api/sso/h5/user/tenants/byLogin 
 headers={'User-Agent': 'python-requests/2.32.3', 'Accept-Encoding': 'gzip, deflate', 'Accept': '*/*', 'Connection': 'keep-alive', 'Content-Type': 'application/json', 'clientType': 'ANDROID', 'appCode': 'IDP_FUSE_PRO', 'Content-Length': '80'} 
 body={"loginAccount": "628123268989", "password": "123456a", "loginMethod": "mobile"} 
 </msg>
<msg time="2025-10-30T17:22:50.902714" level="INFO">POST Response : url=https://sso-uat.fuse.co.id/api/sso/h5/user/tenants/byLogin 
 status=200, reason= 
 headers={'Server': 'nginx', 'Date': 'Thu, 30 Oct 2025 09:22:50 GMT', 'Content-Type': 'application/json;charset=UTF-8', 'Content-Length': '290', 'Connection': 'keep-alive', 'trace': '69b2581394f8c8e4', 'x-trace-id': '69b2581394f8c8e4', 'Access-Control-Allow-Origin': '*', 'Access-Control-Allow-Methods': 'POST, GET, PUT, PATCH, DELETE', 'Access-Control-Allow-Headers': 'Authorization, Content-Type, DNT,X-CustomHeader,Keep-Alive,User-Agent,X-Requested-With,If-Modified-Since,Cache-Control,Content-Type,appCode,lang,fusetoken,authorization,language,x-ka-path-id,Sec-Fetch-Mode,X-Trace-Id,Accept,version,clientType,timeZone,appCode,X-5a-fusepro-token,x-5a-temp-token,x-web-version,x-account-id,x-language,x-client-type,x-app-code,x-fuse-token,x-fms-token,x-latitude,x-longitude,x-system-version,x-device-Info,x-device-id,x-app-version-name,x-app-version-number,x-time-zone,x-tenant-id,x-trace-id,x-ip,x-web-version,x-mac,x-timestamp,x-web-source,x-client-sign,phonetype,x-device-type,x-user-accountid,accountid,usertoken,x-user-token,pk_id,language,x-client-language,version,devicetype,x-device-type,clienttype,fusetype,x-client-type,user-agent,fusetoken,sign,latitude,longitude,x-device-geo,nettype,x-device-networktype,x-device-info,systemversion,uuid,x-device-id,appversion,x-client-version,appversionnumber,x-client-versioncode,x-device-timezone,x-aicn-tenant,x-app-code,tenantId,fmstoken'} 
 body={"code":200,"data":[{"display":true,"loginFlag":1,"loginType":1,"openId":"99485f35","tenantId":1000662,"tenantName":"Fuse ID Testing Environment","tenantViName":"Fuse ID Testing Environment","userName":"20250328 ruUXbc"}],"header":{"message":"SUCCESS","resultCode":200},"message":"SUCCESS"} 
 </msg>
<msg time="2025-10-30T17:22:50.903712" level="INFO">${response} = &lt;Response [200]&gt;</msg>
<var>${response}</var>
<arg>session</arg>
<arg>${path}</arg>
<arg>${body}</arg>
<doc>Sends a POST request on a previously created HTTP Session.</doc>
<status status="PASS" start="2025-10-30T17:22:50.647399" elapsed="0.256313"/>
</kw>
<return>
<value>${response}</value>
<status status="PASS" start="2025-10-30T17:22:50.903712" elapsed="0.000000"/>
</return>
<msg time="2025-10-30T17:22:50.904708" level="INFO">${response} = &lt;Response [200]&gt;</msg>
<var>${response}</var>
<arg>${base_url}</arg>
<arg>${path}</arg>
<arg>${headers}</arg>
<arg>${payload}</arg>
<doc>发送请求，获取response 返回 Data数据</doc>
<status status="PASS" start="2025-10-30T17:22:50.644406" elapsed="0.260302"/>
</kw>
<return>
<value>${response}</value>
<status status="PASS" start="2025-10-30T17:22:50.904708" elapsed="0.000000"/>
</return>
<msg time="2025-10-30T17:22:50.905706" level="INFO">${resonse} = &lt;Response [200]&gt;</msg>
<var>${resonse}</var>
<arg>${loginAccount}</arg>
<arg>${password}</arg>
<arg>loginMethod=mobile</arg>
<status status="PASS" start="2025-10-30T17:22:50.634431" elapsed="0.271275"/>
</kw>
<kw name="Set Variable" owner="BuiltIn">
<msg time="2025-10-30T17:22:50.907701" level="INFO">${openId} = 99485f35</msg>
<var>${openId}</var>
<arg>${resonse.json()}[data][0][openId]</arg>
<doc>Returns the given values which can then be assigned to a variables.</doc>
<status status="PASS" start="2025-10-30T17:22:50.905706" elapsed="0.001995"/>
</kw>
<kw name="Set Variable" owner="BuiltIn">
<msg time="2025-10-30T17:22:50.910692" level="INFO">${tenantId} = 1000662</msg>
<var>${tenantId}</var>
<arg>${resonse.json()}[data][0][tenantId]</arg>
<doc>Returns the given values which can then be assigned to a variables.</doc>
<status status="PASS" start="2025-10-30T17:22:50.908698" elapsed="0.001994"/>
</kw>
<kw name="Send Request And Get Response Data" owner="api_login">
<kw name="Set Variable" owner="BuiltIn">
<msg time="2025-10-30T17:22:50.913685" level="INFO">${base_url} = https://sso-uat.fuse.co.id</msg>
<var>${base_url}</var>
<arg>https://sso-${env}.fuse.co.id</arg>
<doc>Returns the given values which can then be assigned to a variables.</doc>
<status status="PASS" start="2025-10-30T17:22:50.912724" elapsed="0.001958"/>
</kw>
<kw name="Set Variable" owner="BuiltIn">
<msg time="2025-10-30T17:22:50.915680" level="INFO">${path} = /api/sso/app/user/login</msg>
<var>${path}</var>
<arg>/api/sso/app/user/login</arg>
<doc>Returns the given values which can then be assigned to a variables.</doc>
<status status="PASS" start="2025-10-30T17:22:50.914682" elapsed="0.000998"/>
</kw>
<kw name="Create Dictionary" owner="BuiltIn">
<msg time="2025-10-30T17:22:50.917674" level="INFO">${headers} = {'Content-Type': 'application/json', 'clientType': 'ANDROID', 'appCode': 'IDP_FUSE_PRO'}</msg>
<var>${headers}</var>
<arg>Content-Type=application/json</arg>
<arg>clientType=ANDROID</arg>
<arg>appCode=IDP_FUSE_PRO</arg>
<doc>Creates and returns a dictionary based on the given ``items``.</doc>
<status status="PASS" start="2025-10-30T17:22:50.916680" elapsed="0.000994"/>
</kw>
<kw name="Evaluate" owner="BuiltIn">
<msg time="2025-10-30T17:22:50.919668" level="INFO">${payload} = {"password": "123456a", "loginAccount": "628123268989", "tenantId": "1000662", "openId": "99485f35", "loginMethod": "mobile"}</msg>
<var>${payload}</var>
<arg>json.dumps({"password": "${password}","loginAccount": "${loginAccount}","tenantId": "${tenantId}","openId": "${openId}", "loginMethod": "${loginMethod}"})</arg>
<doc>Evaluates the given expression in Python and returns the result.</doc>
<status status="PASS" start="2025-10-30T17:22:50.917674" elapsed="0.001994"/>
</kw>
<kw name="Send Post Request And Get Response Data" owner="httpCommon">
<kw name="Create Session" owner="RequestsLibrary">
<msg time="2025-10-30T17:22:50.923658" level="INFO">Creating Session using : alias=session, url=https://sso-uat.fuse.co.id, headers={'Content-Type': 'application/json', 'clientType': 'ANDROID', 'appCode': 'IDP_FUSE_PRO'},                     cookies={}, auth=None, timeout=None, proxies=None, verify=True,                     debug=0 </msg>
<arg>session</arg>
<arg>${url}</arg>
<arg>headers=&amp;{headers}</arg>
<arg>verify=true</arg>
<doc>Create Session: create a HTTP session to a server</doc>
<status status="PASS" start="2025-10-30T17:22:50.922662" elapsed="0.001993"/>
</kw>
<kw name="POST On Session" owner="RequestsLibrary">
<msg time="2025-10-30T17:22:51.246794" level="INFO">POST Request : url=https://sso-uat.fuse.co.id/api/sso/app/user/login 
 path_url=/api/sso/app/user/login 
 headers={'User-Agent': 'python-requests/2.32.3', 'Accept-Encoding': 'gzip, deflate', 'Accept': '*/*', 'Connection': 'keep-alive', 'Content-Type': 'application/json', 'clientType': 'ANDROID', 'appCode': 'IDP_FUSE_PRO', 'Content-Length': '125'} 
 body={"password": "123456a", "loginAccount": "628123268989", "tenantId": "1000662", "openId": "99485f35", "loginMethod": "mobile"} 
 </msg>
<msg time="2025-10-30T17:22:51.246794" level="INFO">POST Response : url=https://sso-uat.fuse.co.id/api/sso/app/user/login 
 status=200, reason= 
 headers={'Server': 'nginx', 'Date': 'Thu, 30 Oct 2025 09:22:50 GMT', 'Content-Type': 'application/json;charset=UTF-8', 'Content-Length': '1037', 'Connection': 'keep-alive', 'Set-Cookie': 'fusesessionid=628123268989, 5a-session-id=628123268989, fusetoken=eyJhbGciOiJIUzI1NiIsInppcCI6IkRFRiJ9.eNpcUUFOwzAQ_AryuZFsJ3Wc3hAFqReoQJW4WVtnSw2OEyUOoqr6d7aOqkJv1szszHr2yCIGCNG4mi0E51wpOWPDuGULpqQWMpdKV7piM9Z2GJKMVVWh57t8TuA4YG_61iMxA1HHE4HWg2uMbZsOwsGM55kwen9L2LbGCxMPHb0FSdoxxP6wmtYRuSKsae3X6moyKR7SNFstKRBsAk2A5oxJLuc8l_quHzfvW0uCwbZnf8Yms-ekm-zwp6OoUhUF16LkZNZ1lzYK2mDGHMSkEFqopPiMjrwQQEprMcNSy6zI8zLbgq0zUXGJXHFbomCTnb3sujZPm7dHs359IeYbvKshoumgh2b4X9LeUbF_qnPDfd24wBY78ANev5wOcnOpdJRECE0n5aXmpao4MTVa14Bfug8XKZD_WWIPofbYT3mnXwAAAP__.ogieqM3pZAh0GprYQAN5P0EWRuawX0FnupGCNYxcalY', 'trace': '90e242f5269559b6', 'x-trace-id': '90e242f5269559b6', 'Access-Control-Allow-Origin': '*', 'Access-Control-Allow-Methods': 'POST, GET, PUT, PATCH, DELETE', 'Access-Control-Allow-Headers': 'Authorization, Content-Type, DNT,X-CustomHeader,Keep-Alive,User-Agent,X-Requested-With,If-Modified-Since,Cache-Control,Content-Type,appCode,lang,fusetoken,authorization,language,x-ka-path-id,Sec-Fetch-Mode,X-Trace-Id,Accept,version,clientType,timeZone,appCode,X-5a-fusepro-token,x-5a-temp-token,x-web-version,x-account-id,x-language,x-client-type,x-app-code,x-fuse-token,x-fms-token,x-latitude,x-longitude,x-system-version,x-device-Info,x-device-id,x-app-version-name,x-app-version-number,x-time-zone,x-tenant-id,x-trace-id,x-ip,x-web-version,x-mac,x-timestamp,x-web-source,x-client-sign,phonetype,x-device-type,x-user-accountid,accountid,usertoken,x-user-token,pk_id,language,x-client-language,version,devicetype,x-device-type,clienttype,fusetype,x-client-type,user-agent,fusetoken,sign,latitude,longitude,x-device-geo,nettype,x-device-networktype,x-device-info,systemversion,uuid,x-device-id,appversion,x-client-version,appversionnumber,x-client-versioncode,x-device-timezone,x-aicn-tenant,x-app-code,tenantId,fmstoken'} 
 body={"code":200,"data":{"accountId":"628123268989","accountName":"20250328 ruUXbc","config":{"chronology":"ADCalendar","country":"ID","currency":"IDR","dateFormat":"DD MMM yyyy","dateTimeFormat":"DD MMM yyyy HH:mm:ss","decimalDigits":0,"fullName":["firstName","middleName","lastName"],"language":"id","timeFormat":"HH:mm:ss","timezone":7},"exchangeTokenKey":"d3669cde893903774b923e04f319e18b","tenantId":1000662,"token":"eyJhbGciOiJIUzI1NiIsInppcCI6IkRFRiJ9.eNpcUUFOwzAQ_AryuZFsJ3Wc3hAFqReoQJW4WVtnSw2OEyUOoqr6d7aOqkJv1szszHr2yCIGCNG4mi0E51wpOWPDuGULpqQWMpdKV7piM9Z2GJKMVVWh57t8TuA4YG_61iMxA1HHE4HWg2uMbZsOwsGM55kwen9L2LbGCxMPHb0FSdoxxP6wmtYRuSKsae3X6moyKR7SNFstKRBsAk2A5oxJLuc8l_quHzfvW0uCwbZnf8Yms-ekm-zwp6OoUhUF16LkZNZ1lzYK2mDGHMSkEFqopPiMjrwQQEprMcNSy6zI8zLbgq0zUXGJXHFbomCTnb3sujZPm7dHs359IeYbvKshoumgh2b4X9LeUbF_qnPDfd24wBY78ANev5wOcnOpdJRECE0n5aXmpao4MTVa14Bfug8XKZD_WWIPofbYT3mnXwAAAP__.ogieqM3pZAh0GprYQAN5P0EWRuawX0FnupGCNYxcalY","tokenKey":"fusetoken","type":1},"header":{"message":"SUCCESS","resultCode":200},"message":"SUCCESS"} 
 </msg>
<msg time="2025-10-30T17:22:51.247791" level="INFO">${response} = &lt;Response [200]&gt;</msg>
<var>${response}</var>
<arg>session</arg>
<arg>${path}</arg>
<arg>${body}</arg>
<doc>Sends a POST request on a previously created HTTP Session.</doc>
<status status="PASS" start="2025-10-30T17:22:50.925652" elapsed="0.322139"/>
</kw>
<return>
<value>${response}</value>
<status status="PASS" start="2025-10-30T17:22:51.247791" elapsed="0.000998"/>
</return>
<msg time="2025-10-30T17:22:51.248789" level="INFO">${response} = &lt;Response [200]&gt;</msg>
<var>${response}</var>
<arg>${base_url}</arg>
<arg>${path}</arg>
<arg>${headers}</arg>
<arg>${payload}</arg>
<doc>发送请求，获取response 返回 Data数据</doc>
<status status="PASS" start="2025-10-30T17:22:50.920665" elapsed="0.328124"/>
</kw>
<return>
<value>${response}</value>
<status status="PASS" start="2025-10-30T17:22:51.249786" elapsed="0.000000"/>
</return>
<msg time="2025-10-30T17:22:51.249786" level="INFO">${response} = &lt;Response [200]&gt;</msg>
<var>${response}</var>
<arg>${loginAccount}</arg>
<arg>${password}</arg>
<arg>${openId}</arg>
<arg>${tenantId}</arg>
<arg>loginMethod=mobile</arg>
<status status="PASS" start="2025-10-30T17:22:50.911729" elapsed="0.339058"/>
</kw>
<kw name="Set Variable" owner="BuiltIn">
<msg time="2025-10-30T17:22:51.252778" level="INFO">${token} = eyJhbGciOiJIUzI1NiIsInppcCI6IkRFRiJ9.eNpcUUFOwzAQ_AryuZFsJ3Wc3hAFqReoQJW4WVtnSw2OEyUOoqr6d7aOqkJv1szszHr2yCIGCNG4mi0E51wpOWPDuGULpqQWMpdKV7piM9Z2GJKMVVWh57t8TuA4YG_61iMxA1HHE4HWg2uMbZsOwsGM55kwen9L2Lb...</msg>
<var>${token}</var>
<arg>${response.json()}[data][token]</arg>
<doc>Returns the given values which can then be assigned to a variables.</doc>
<status status="PASS" start="2025-10-30T17:22:51.250787" elapsed="0.002989"/>
</kw>
<return>
<value>${token}</value>
<status status="PASS" start="2025-10-30T17:22:51.254773" elapsed="0.000000"/>
</return>
<msg time="2025-10-30T17:22:51.255771" level="INFO">${token} = eyJhbGciOiJIUzI1NiIsInppcCI6IkRFRiJ9.eNpcUUFOwzAQ_AryuZFsJ3Wc3hAFqReoQJW4WVtnSw2OEyUOoqr6d7aOqkJv1szszHr2yCIGCNG4mi0E51wpOWPDuGULpqQWMpdKV7piM9Z2GJKMVVWh57t8TuA4YG_61iMxA1HHE4HWg2uMbZsOwsGM55kwen9L2Lb...</msg>
<var>${token}</var>
<arg>${env_vars}[FUSE_ACCOUNT]</arg>
<arg>${env_vars}[FUSE_PASSWORD]</arg>
<status status="PASS" start="2025-10-30T17:22:50.632438" elapsed="0.623333"/>
</kw>
<kw name="Login to Boss" owner="login">
<kw name="Send Request And Get Response Data" owner="bylogin">
<kw name="Run Keyword If" owner="BuiltIn">
<kw name="Set Test Variable" owner="BuiltIn">
<msg time="2025-10-30T17:22:51.262751" level="INFO">${base_url} = https://sso-uat.fuse.co.id</msg>
<arg>${base_url}</arg>
<arg>https://sso-${env}.fuse.co.id</arg>
<doc>Makes a variable available everywhere within the scope of the current test.</doc>
<status status="PASS" start="2025-10-30T17:22:51.261754" elapsed="0.000997"/>
</kw>
<arg>'${env}' == 'pre'</arg>
<arg>Set Test Variable</arg>
<arg>${base_url}</arg>
<arg>https://sso.fuse.co.id</arg>
<arg>ELSE</arg>
<arg>Set Test Variable</arg>
<arg>${base_url}</arg>
<arg>https://sso-${env}.fuse.co.id</arg>
<doc>Runs the given keyword with the given arguments, if ``condition`` is true.</doc>
<status status="PASS" start="2025-10-30T17:22:51.260756" elapsed="0.001995"/>
</kw>
<kw name="Set Variable" owner="BuiltIn">
<msg time="2025-10-30T17:22:51.264746" level="INFO">${path} = /api/sso/h5/user/tenants/byLogin</msg>
<var>${path}</var>
<arg>/api/sso/h5/user/tenants/byLogin</arg>
<doc>Returns the given values which can then be assigned to a variables.</doc>
<status status="PASS" start="2025-10-30T17:22:51.263748" elapsed="0.000998"/>
</kw>
<kw name="Create Dictionary" owner="BuiltIn">
<msg time="2025-10-30T17:22:51.265742" level="INFO">${headers} = {'Content-Type': 'application/json;charset=UTF-8', 'appCode': 'IDP_BOSS'}</msg>
<var>${headers}</var>
<arg>Content-Type=application/json;charset=UTF-8</arg>
<arg>appCode=IDP_BOSS</arg>
<doc>Creates and returns a dictionary based on the given ``items``.</doc>
<status status="PASS" start="2025-10-30T17:22:51.265742" elapsed="0.000998"/>
</kw>
<kw name="Evaluate" owner="BuiltIn">
<msg time="2025-10-30T17:22:51.267737" level="INFO">${payload} = {"loginAccount": "ceo001", "password": "Fuse!001"}</msg>
<var>${payload}</var>
<arg>json.dumps({"loginAccount": "${loginAccount}","password": "${password}"})</arg>
<doc>Evaluates the given expression in Python and returns the result.</doc>
<status status="PASS" start="2025-10-30T17:22:51.266740" elapsed="0.001995"/>
</kw>
<kw name="Send Post Request And Get Response Data" owner="httpCommon">
<kw name="Create Session" owner="RequestsLibrary">
<msg time="2025-10-30T17:22:51.271727" level="INFO">Creating Session using : alias=session, url=https://sso-uat.fuse.co.id, headers={'Content-Type': 'application/json;charset=UTF-8', 'appCode': 'IDP_BOSS'},                     cookies={}, auth=None, timeout=None, proxies=None, verify=True,                     debug=0 </msg>
<arg>session</arg>
<arg>${url}</arg>
<arg>headers=&amp;{headers}</arg>
<arg>verify=true</arg>
<doc>Create Session: create a HTTP session to a server</doc>
<status status="PASS" start="2025-10-30T17:22:51.270730" elapsed="0.001995"/>
</kw>
<kw name="POST On Session" owner="RequestsLibrary">
<msg time="2025-10-30T17:22:51.546993" level="INFO">POST Request : url=https://sso-uat.fuse.co.id/api/sso/h5/user/tenants/byLogin 
 path_url=/api/sso/h5/user/tenants/byLogin 
 headers={'User-Agent': 'python-requests/2.32.3', 'Accept-Encoding': 'gzip, deflate', 'Accept': '*/*', 'Connection': 'keep-alive', 'Content-Type': 'application/json;charset=UTF-8', 'appCode': 'IDP_BOSS', 'Content-Length': '50'} 
 body={"loginAccount": "ceo001", "password": "Fuse!001"} 
 </msg>
<msg time="2025-10-30T17:22:51.546993" level="INFO">POST Response : url=https://sso-uat.fuse.co.id/api/sso/h5/user/tenants/byLogin 
 status=200, reason= 
 headers={'Server': 'nginx', 'Date': 'Thu, 30 Oct 2025 09:22:51 GMT', 'Content-Type': 'application/json;charset=UTF-8', 'Content-Length': '497', 'Connection': 'keep-alive', 'trace': '444b549dbda91fc8', 'x-trace-id': '444b549dbda91fc8', 'Access-Control-Allow-Origin': '*', 'Access-Control-Allow-Methods': 'POST, GET, PUT, PATCH, DELETE', 'Access-Control-Allow-Headers': 'Authorization, Content-Type, DNT,X-CustomHeader,Keep-Alive,User-Agent,X-Requested-With,If-Modified-Since,Cache-Control,Content-Type,appCode,lang,fusetoken,authorization,language,x-ka-path-id,Sec-Fetch-Mode,X-Trace-Id,Accept,version,clientType,timeZone,appCode,X-5a-fusepro-token,x-5a-temp-token,x-web-version,x-account-id,x-language,x-client-type,x-app-code,x-fuse-token,x-fms-token,x-latitude,x-longitude,x-system-version,x-device-Info,x-device-id,x-app-version-name,x-app-version-number,x-time-zone,x-tenant-id,x-trace-id,x-ip,x-web-version,x-mac,x-timestamp,x-web-source,x-client-sign,phonetype,x-device-type,x-user-accountid,accountid,usertoken,x-user-token,pk_id,language,x-client-language,version,devicetype,x-device-type,clienttype,fusetype,x-client-type,user-agent,fusetoken,sign,latitude,longitude,x-device-geo,nettype,x-device-networktype,x-device-info,systemversion,uuid,x-device-id,appversion,x-client-version,appversionnumber,x-client-versioncode,x-device-timezone,x-aicn-tenant,x-app-code,tenantId,fmstoken'} 
 body={"code":200,"data":[{"display":true,"loginFlag":2,"loginType":1,"openId":"LG4G4GMDDDDZ","tenantId":1000661,"tenantName":"Fuse ID Production Environment","tenantViName":"Fuse ID Production Environment","userName":"ceo001"},{"display":true,"loginFlag":2,"loginType":1,"openId":"LG46D7NKDDDZ","tenantId":1000662,"tenantName":"Fuse ID Testing Environment","tenantViName":"Fuse ID Testing Environment","userName":"RM Testing_Adolf"}],"header":{"message":"SUCCESS","resultCode":200},"message":"SUCCESS"} 
 </msg>
<msg time="2025-10-30T17:22:51.547990" level="INFO">${response} = &lt;Response [200]&gt;</msg>
<var>${response}</var>
<arg>session</arg>
<arg>${path}</arg>
<arg>${body}</arg>
<doc>Sends a POST request on a previously created HTTP Session.</doc>
<status status="PASS" start="2025-10-30T17:22:51.273724" elapsed="0.274266"/>
</kw>
<return>
<value>${response}</value>
<status status="PASS" start="2025-10-30T17:22:51.547990" elapsed="0.000000"/>
</return>
<msg time="2025-10-30T17:22:51.548988" level="INFO">${response} = &lt;Response [200]&gt;</msg>
<var>${response}</var>
<arg>${base_url}</arg>
<arg>${path}</arg>
<arg>${headers}</arg>
<arg>${payload}</arg>
<doc>发送请求，获取response 返回 Data数据</doc>
<status status="PASS" start="2025-10-30T17:22:51.269733" elapsed="0.279255"/>
</kw>
<return>
<value>${response}</value>
<status status="PASS" start="2025-10-30T17:22:51.548988" elapsed="0.000000"/>
</return>
<msg time="2025-10-30T17:22:51.549984" level="INFO">${resonse} = &lt;Response [200]&gt;</msg>
<var>${resonse}</var>
<arg>${BossAccount}</arg>
<arg>${BossPassword}</arg>
<status status="PASS" start="2025-10-30T17:22:51.258762" elapsed="0.291222"/>
</kw>
<kw name="Set Variable" owner="BuiltIn">
<msg time="2025-10-30T17:22:51.551979" level="INFO">${openId} = LG46D7NKDDDZ</msg>
<var>${openId}</var>
<arg>${resonse.json()}[data][1][openId]</arg>
<doc>Returns the given values which can then be assigned to a variables.</doc>
<status status="PASS" start="2025-10-30T17:22:51.549984" elapsed="0.001995"/>
</kw>
<kw name="Set Variable" owner="BuiltIn">
<msg time="2025-10-30T17:22:51.554970" level="INFO">${tenantId} = 1000662</msg>
<var>${tenantId}</var>
<arg>${resonse.json()}[data][1][tenantId]</arg>
<doc>Returns the given values which can then be assigned to a variables.</doc>
<status status="PASS" start="2025-10-30T17:22:51.552977" elapsed="0.002993"/>
</kw>
<kw name="Send Request And Get Response Data" owner="login">
<kw name="Run Keyword If" owner="BuiltIn">
<kw name="Set Test Variable" owner="BuiltIn">
<msg time="2025-10-30T17:22:51.559959" level="INFO">${base_url} = https://sso-uat.fuse.co.id</msg>
<arg>${base_url}</arg>
<arg>https://sso-${env}.fuse.co.id</arg>
<doc>Makes a variable available everywhere within the scope of the current test.</doc>
<status status="PASS" start="2025-10-30T17:22:51.559959" elapsed="0.000997"/>
</kw>
<arg>'${env}' == 'pre'</arg>
<arg>Set Test Variable</arg>
<arg>${base_url}</arg>
<arg>https://sso.fuse.co.id</arg>
<arg>ELSE</arg>
<arg>Set Test Variable</arg>
<arg>${base_url}</arg>
<arg>https://sso-${env}.fuse.co.id</arg>
<doc>Runs the given keyword with the given arguments, if ``condition`` is true.</doc>
<status status="PASS" start="2025-10-30T17:22:51.557967" elapsed="0.002989"/>
</kw>
<kw name="Set Variable" owner="BuiltIn">
<msg time="2025-10-30T17:22:51.561983" level="INFO">${path} = /api/sso/app/user/login</msg>
<var>${path}</var>
<arg>/api/sso/app/user/login</arg>
<doc>Returns the given values which can then be assigned to a variables.</doc>
<status status="PASS" start="2025-10-30T17:22:51.560956" elapsed="0.001027"/>
</kw>
<kw name="Create Dictionary" owner="BuiltIn">
<msg time="2025-10-30T17:22:51.562982" level="INFO">${headers} = {'Content-Type': 'application/json;charset=UTF-8', 'appCode': 'IDP_BOSS'}</msg>
<var>${headers}</var>
<arg>Content-Type=application/json;charset=UTF-8</arg>
<arg>appCode=IDP_BOSS</arg>
<doc>Creates and returns a dictionary based on the given ``items``.</doc>
<status status="PASS" start="2025-10-30T17:22:51.561983" elapsed="0.000999"/>
</kw>
<kw name="Evaluate" owner="BuiltIn">
<msg time="2025-10-30T17:22:51.563947" level="INFO">${payload} = {"password": "Fuse!001", "loginAccount": "ceo001", "tenantId": "1000662", "openId": "LG46D7NKDDDZ", "deviceInfo": {"customPhone": "ceo001", "loginWay": "0", "loginPassWord": "Fuse!001", "countryCode":...</msg>
<var>${payload}</var>
<arg>json.dumps({"password": "${password}","loginAccount": "${loginAccount}","tenantId": "${tenantId}","openId": "${openId}","deviceInfo": {"customPhone": "${loginAccount}","loginWay": "0","loginPassWord": "${password}","countryCode": "02130000000000","vision": "5.16.0.5-sit","appVersion": "5.16.0.5-sit","loginErrorTimes": "0","osVision": "9","systemVersion": "9","deviceId": "PQ3B.190801.07101020","udid": "PQ3B.190801.07101020","phoneModel": "TAS-AN00","phoneType": "HUAWEI","deviceType": "Android","latitude": "39.915000915","longitude": "116.403999328","language": "en_US"}})</arg>
<doc>Evaluates the given expression in Python and returns the result.</doc>
<status status="PASS" start="2025-10-30T17:22:51.562982" elapsed="0.000965"/>
</kw>
<kw name="Send Post Request And Get Response Data" owner="httpCommon">
<kw name="Create Session" owner="RequestsLibrary">
<msg time="2025-10-30T17:22:51.566938" level="INFO">Creating Session using : alias=session, url=https://sso-uat.fuse.co.id, headers={'Content-Type': 'application/json;charset=UTF-8', 'appCode': 'IDP_BOSS'},                     cookies={}, auth=None, timeout=None, proxies=None, verify=True,                     debug=0 </msg>
<arg>session</arg>
<arg>${url}</arg>
<arg>headers=&amp;{headers}</arg>
<arg>verify=true</arg>
<doc>Create Session: create a HTTP session to a server</doc>
<status status="PASS" start="2025-10-30T17:22:51.565942" elapsed="0.001995"/>
</kw>
<kw name="POST On Session" owner="RequestsLibrary">
<msg time="2025-10-30T17:22:51.965492" level="INFO">POST Request : url=https://sso-uat.fuse.co.id/api/sso/app/user/login 
 path_url=/api/sso/app/user/login 
 headers={'User-Agent': 'python-requests/2.32.3', 'Accept-Encoding': 'gzip, deflate', 'Accept': '*/*', 'Connection': 'keep-alive', 'Content-Type': 'application/json;charset=UTF-8', 'appCode': 'IDP_BOSS', 'Content-Length': '559'} 
 body={"password": "Fuse!001", "loginAccount": "ceo001", "tenantId": "1000662", "openId": "LG46D7NKDDDZ", "deviceInfo": {"customPhone": "ceo001", "loginWay": "0", "loginPassWord": "Fuse!001", "countryCode": "02130000000000", "vision": "5.16.0.5-sit", "appVersion": "5.16.0.5-sit", "loginErrorTimes": "0", "osVision": "9", "systemVersion": "9", "deviceId": "PQ3B.190801.07101020", "udid": "PQ3B.190801.07101020", "phoneModel": "TAS-AN00", "phoneType": "HUAWEI", "deviceType": "Android", "latitude": "39.915000915", "longitude": "116.403999328", "language": "en_US"}} 
 </msg>
<msg time="2025-10-30T17:22:51.966489" level="INFO">POST Response : url=https://sso-uat.fuse.co.id/api/sso/app/user/login 
 status=200, reason= 
 headers={'Server': 'nginx', 'Date': 'Thu, 30 Oct 2025 09:22:51 GMT', 'Content-Type': 'application/json;charset=UTF-8', 'Content-Length': '2986', 'Connection': 'keep-alive', 'Set-Cookie': 'fusesessionid=ceo001, 5a-session-id=ceo001, fusetoken=eyJhbGciOiJIUzI1NiIsInppcCI6IkRFRiJ9.eNrcWW1v2zYQ_iuEP18AUS-UnG-Jk7ZBmjZzshYbChiMRCdaZMnVS1Oj6H_fkaIkUpGTtR3QblU_WHen4_Hu-JB88mVWi5zn9SpNZofUcRzGXJhVzc3scBaLwnHoDGbFVuTKYPb6pc9OwjfnJycnf6KiqUS5KotMoLZC9ZcPs_M_FkvxKRUPovwwO1TvZBDAh9lZXjUlz2OxKDZbnu-UVS8kvRRNly9-u2puNmlVpUV-x_Mk004tBXnVafCTq2YryqNkk-bKUL0S_S49inWTJ5dlEYuqKrQzJSOGsPOz5vdicNO-oW5R5HXJ4_qC5_xWR9TJSC9UU61FmfNMKYvMykunI1ppJ8ma4MYYx565OdglL-tclFc1r5tKO1WfaAVpNd14XcKWF9f81pzJ8oKghFxjOaq1Nnpd3KZVncbWDDqhHfn7tL5LSv7AcbpxUSadkqhvBi1p1cTQ9_WxhtHlsQY5KeJmI_L6nRId5clJ8ZBnBU_0N52etAYEG4QkholMV1kkTVwvRSZ4JeyO0DqilaPWGFXVzN2jopoFuuDlvaj5TSbssU0Hgw0ZB2G6wqmldSqqY57fn-Xr4t2QrlOtIlJHpJK8GxK3yHi6sfpWCizfC1xot0I3zVJ8bERVt6ZKQbp26lUgB02KshIy5VrcR9MriKEZ2vWYV2l8mqR1l3rtXcnb8DttF_6iMiJfXOku1r2r3q5LzFhT7gYc6CQGFFyLupLQRR3qesqoRslykCib-C5PY57tr1hv8mTBVLB2atr47aRYefxkFtVMo7EQ9gRot_P-EO3Gfs8RFWqjl1rBo_55ZSBxOwsTgd8iVPIa0UmXUpn1QrIuStJr0FwVRMeR5rdv1-s01h8pFRl0pFfaqTLLYWbKLIBaFrtVXGw0dq5KO8FSLTefDlqtNJ_vNPRdilIbtJvbrkM_Ympke5-dGYnENzOLl3wnAzxOswyntcDeHNpfaYhWkV4ne3z9cbRxvfhtVMHR2pWBTS_dVjMsw72J6T7Zl5nlxlx4Jvirvra62AJ_pbZ9nR6vXi1Xl2-X10evVxdHy_PT67M3Lw1cxIy0QRdZGu_M_CqBmWJM1oW9bY52Ztwif89xM3go07pHbxQSSzo1J9PvxJTMYa52uLQ3ElOMYFshkdL9TWEOMm4Kc4Tlxes0vx_t31JkWV3nMe5I69Ryi0LSSu1zhIUkVgHH8GFVr63B6edtUdZ2WQbZfsSyxtkPWNaI-zZUy9cTO-rIWd7wTHyO1VIxD5utBmfRqgaw-4on4Fjin1w98tC6auQhmTHHx4O0FwZjdVwkYnaYN1nWHZ1FVTRlLFY3u1rIA7RL_dCPPOaHoH8GAcWfruvRMHI9cJ3I9ZkX-h7QiIZsHnmOBx6aRSwIwFGP68xDGrj6rX0oihy__emEXujNw5DJF893aRi6kWXN0BjHdiGiLgbTuqJR6KNb37dt5WhuKGWBx6LQmVN7ZPyQeZHfW1PPZcHcxUE82w_12Zw50ZwBpW2YIbpDUzANPScc-3_q0VOmoY9xORhjFOLEA6YUOEn5P8JXyqjDqIt5wXniPBz6DYMYU30uNpyhNnSjSP90_ChQxfj1nqlW-vYHW9MzfTB3Tv1AZyLyogjL_o8cRXTu_pJ58jzHZw5tV5Qzd6N_zTOj4NO57zm-lc5fs11-6EE4rXdbREgXgbNo8Aa1O2tZCephFmabIr6XAhNAJffQgWfgIXZEnisBZ07pAGQRk7lDAPjORrYXgeeGLEJZMEfk9FwfWN8DQeD73vc2KA0QhZn_0_I_BUOM-v6P-vg5c6GB49IAC6Xq4f5A9WU7_ezp6NaQPY0_Qvf_t_j_E_CkUWmhznGzsxMU8VgJVznfSJlkz_AWgMf01VFSZGu0qOJCgprJjMKYBIUpqhMGMhNGxCX0jCSM2EjYQzrCFKUIU6QhmJQgjKk_2EvwgU3ewRMkHeyhK2CaW4NnqDOY5sPAZLtgiteCKeIKHlNToIknTA1Y5BJYLBI8zReBzQLBBNsDzxE6YJI0YNIxMCZeYJpagcfMCexnR2CC-oCe3IBJJgNMpgImOAl4gnWA5Qb20ggwTRGASQjAcPWH8TUf9l3mYXxTh8nrOFjXbRhfq2H6Hgr21RieuQLDc_damLyrztoD0huFQ-0RSXze4vEpZLiH410RT1B8u-3-0INXVDxmpbxWFniXZMrirzpFqOJrMXeDKDhwkjg68OPQPYioNz9gjPtzN_YiJiSySXdxh4WXq-O3V1co_cSzNOG1WG15yTdVF0x7Fb5LsezqmkzxYOZgBJVq09lhXTZigFP116b-D1DqrKdEGDneCfU_qUpEnG54dpLepjWO5Rjjd4lRAXz9GwAA__8.uSyU_KLNL1S_-eRiW-aTDbPHMsU0HIodmKW66qGBJQA', 'trace': '66a889c53b0adbdd', 'x-trace-id': '66a889c53b0adbdd', 'Access-Control-Allow-Origin': '*', 'Access-Control-Allow-Methods': 'POST, GET, PUT, PATCH, DELETE', 'Access-Control-Allow-Headers': 'Authorization, Content-Type, DNT,X-CustomHeader,Keep-Alive,User-Agent,X-Requested-With,If-Modified-Since,Cache-Control,Content-Type,appCode,lang,fusetoken,authorization,language,x-ka-path-id,Sec-Fetch-Mode,X-Trace-Id,Accept,version,clientType,timeZone,appCode,X-5a-fusepro-token,x-5a-temp-token,x-web-version,x-account-id,x-language,x-client-type,x-app-code,x-fuse-token,x-fms-token,x-latitude,x-longitude,x-system-version,x-device-Info,x-device-id,x-app-version-name,x-app-version-number,x-time-zone,x-tenant-id,x-trace-id,x-ip,x-web-version,x-mac,x-timestamp,x-web-source,x-client-sign,phonetype,x-device-type,x-user-accountid,accountid,usertoken,x-user-token,pk_id,language,x-client-language,version,devicetype,x-device-type,clienttype,fusetype,x-client-type,user-agent,fusetoken,sign,latitude,longitude,x-device-geo,nettype,x-device-networktype,x-device-info,systemversion,uuid,x-device-id,appversion,x-client-version,appversionnumber,x-client-versioncode,x-device-timezone,x-aicn-tenant,x-app-code,tenantId,fmstoken'} 
 body={"code":200,"data":{"accountId":"ceo001","accountName":"RM Testing_Adolf","config":{"chronology":"ADCalendar","country":"ID","currency":"IDR","dateFormat":"DD MMM yyyy","dateTimeFormat":"DD MMM yyyy HH:mm:ss","decimalDigits":0,"fullName":["firstName","middleName","lastName"],"language":"id","timeFormat":"HH:mm:ss","timezone":7},"email":"xiexinnan@fuse.co.id","exchangeTokenKey":"2198935dc1de691e3c1da588f3fdf26c","tenantId":1000662,"token":"eyJhbGciOiJIUzI1NiIsInppcCI6IkRFRiJ9.eNrcWW1v2zYQ_iuEP18AUS-UnG-Jk7ZBmjZzshYbChiMRCdaZMnVS1Oj6H_fkaIkUpGTtR3QblU_WHen4_Hu-JB88mVWi5zn9SpNZofUcRzGXJhVzc3scBaLwnHoDGbFVuTKYPb6pc9OwjfnJycnf6KiqUS5KotMoLZC9ZcPs_M_FkvxKRUPovwwO1TvZBDAh9lZXjUlz2OxKDZbnu-UVS8kvRRNly9-u2puNmlVpUV-x_Mk004tBXnVafCTq2YryqNkk-bKUL0S_S49inWTJ5dlEYuqKrQzJSOGsPOz5vdicNO-oW5R5HXJ4_qC5_xWR9TJSC9UU61FmfNMKYvMykunI1ppJ8ma4MYYx565OdglL-tclFc1r5tKO1WfaAVpNd14XcKWF9f81pzJ8oKghFxjOaq1Nnpd3KZVncbWDDqhHfn7tL5LSv7AcbpxUSadkqhvBi1p1cTQ9_WxhtHlsQY5KeJmI_L6nRId5clJ8ZBnBU_0N52etAYEG4QkholMV1kkTVwvRSZ4JeyO0DqilaPWGFXVzN2jopoFuuDlvaj5TSbssU0Hgw0ZB2G6wqmldSqqY57fn-Xr4t2QrlOtIlJHpJK8GxK3yHi6sfpWCizfC1xot0I3zVJ8bERVt6ZKQbp26lUgB02KshIy5VrcR9MriKEZ2vWYV2l8mqR1l3rtXcnb8DttF_6iMiJfXOku1r2r3q5LzFhT7gYc6CQGFFyLupLQRR3qesqoRslykCib-C5PY57tr1hv8mTBVLB2atr47aRYefxkFtVMo7EQ9gRot_P-EO3Gfs8RFWqjl1rBo_55ZSBxOwsTgd8iVPIa0UmXUpn1QrIuStJr0FwVRMeR5rdv1-s01h8pFRl0pFfaqTLLYWbKLIBaFrtVXGw0dq5KO8FSLTefDlqtNJ_vNPRdilIbtJvbrkM_Ympke5-dGYnENzOLl3wnAzxOswyntcDeHNpfaYhWkV4ne3z9cbRxvfhtVMHR2pWBTS_dVjMsw72J6T7Zl5nlxlx4Jvirvra62AJ_pbZ9nR6vXi1Xl2-X10evVxdHy_PT67M3Lw1cxIy0QRdZGu_M_CqBmWJM1oW9bY52Ztwif89xM3go07pHbxQSSzo1J9PvxJTMYa52uLQ3ElOMYFshkdL9TWEOMm4Kc4Tlxes0vx_t31JkWV3nMe5I69Ryi0LSSu1zhIUkVgHH8GFVr63B6edtUdZ2WQbZfsSyxtkPWNaI-zZUy9cTO-rIWd7wTHyO1VIxD5utBmfRqgaw-4on4Fjin1w98tC6auQhmTHHx4O0FwZjdVwkYnaYN1nWHZ1FVTRlLFY3u1rIA7RL_dCPPOaHoH8GAcWfruvRMHI9cJ3I9ZkX-h7QiIZsHnmOBx6aRSwIwFGP68xDGrj6rX0oihy__emEXujNw5DJF893aRi6kWXN0BjHdiGiLgbTuqJR6KNb37dt5WhuKGWBx6LQmVN7ZPyQeZHfW1PPZcHcxUE82w_12Zw50ZwBpW2YIbpDUzANPScc-3_q0VOmoY9xORhjFOLEA6YUOEn5P8JXyqjDqIt5wXniPBz6DYMYU30uNpyhNnSjSP90_ChQxfj1nqlW-vYHW9MzfTB3Tv1AZyLyogjL_o8cRXTu_pJ58jzHZw5tV5Qzd6N_zTOj4NO57zm-lc5fs11-6EE4rXdbREgXgbNo8Aa1O2tZCephFmabIr6XAhNAJffQgWfgIXZEnisBZ07pAGQRk7lDAPjORrYXgeeGLEJZMEfk9FwfWN8DQeD73vc2KA0QhZn_0_I_BUOM-v6P-vg5c6GB49IAC6Xq4f5A9WU7_ezp6NaQPY0_Qvf_t_j_E_CkUWmhznGzsxMU8VgJVznfSJlkz_AWgMf01VFSZGu0qOJCgprJjMKYBIUpqhMGMhNGxCX0jCSM2EjYQzrCFKUIU6QhmJQgjKk_2EvwgU3ewRMkHeyhK2CaW4NnqDOY5sPAZLtgiteCKeIKHlNToIknTA1Y5BJYLBI8zReBzQLBBNsDzxE6YJI0YNIxMCZeYJpagcfMCexnR2CC-oCe3IBJJgNMpgImOAl4gnWA5Qb20ggwTRGASQjAcPWH8TUf9l3mYXxTh8nrOFjXbRhfq2H6Hgr21RieuQLDc_damLyrztoD0huFQ-0RSXze4vEpZLiH410RT1B8u-3-0INXVDxmpbxWFniXZMrirzpFqOJrMXeDKDhwkjg68OPQPYioNz9gjPtzN_YiJiSySXdxh4WXq-O3V1co_cSzNOG1WG15yTdVF0x7Fb5LsezqmkzxYOZgBJVq09lhXTZigFP116b-D1DqrKdEGDneCfU_qUpEnG54dpLepjWO5Rjjd4lRAXz9GwAA__8.uSyU_KLNL1S_-eRiW-aTDbPHMsU0HIodmKW66qGBJQA","tokenKey":"fusetoken","type":2},"header":{"message":"SUCCESS","resultCode":200},"message":"SUCCESS"} 
 </msg>
<msg time="2025-10-30T17:22:51.966489" level="INFO">${response} = &lt;Response [200]&gt;</msg>
<var>${response}</var>
<arg>session</arg>
<arg>${path}</arg>
<arg>${body}</arg>
<doc>Sends a POST request on a previously created HTTP Session.</doc>
<status status="PASS" start="2025-10-30T17:22:51.568932" elapsed="0.397557"/>
</kw>
<return>
<value>${response}</value>
<status status="PASS" start="2025-10-30T17:22:51.966489" elapsed="0.001031"/>
</return>
<msg time="2025-10-30T17:22:51.967520" level="INFO">${response} = &lt;Response [200]&gt;</msg>
<var>${response}</var>
<arg>${base_url}</arg>
<arg>${path}</arg>
<arg>${headers}</arg>
<arg>${payload}</arg>
<doc>发送请求，获取response 返回 Data数据</doc>
<status status="PASS" start="2025-10-30T17:22:51.564944" elapsed="0.402576"/>
</kw>
<return>
<value>${response}</value>
<status status="PASS" start="2025-10-30T17:22:51.967520" elapsed="0.000000"/>
</return>
<msg time="2025-10-30T17:22:51.968517" level="INFO">${response} = &lt;Response [200]&gt;</msg>
<var>${response}</var>
<arg>${BossAccount}</arg>
<arg>${BossPassword}</arg>
<arg>${openId}</arg>
<arg>${tenantId}</arg>
<status status="PASS" start="2025-10-30T17:22:51.556965" elapsed="0.411552"/>
</kw>
<kw name="Set Variable" owner="BuiltIn">
<msg time="2025-10-30T17:22:51.969514" level="INFO">${token} = eyJhbGciOiJIUzI1NiIsInppcCI6IkRFRiJ9.eNrcWW1v2zYQ_iuEP18AUS-UnG-Jk7ZBmjZzshYbChiMRCdaZMnVS1Oj6H_fkaIkUpGTtR3QblU_WHen4_Hu-JB88mVWi5zn9SpNZofUcRzGXJhVzc3scBaLwnHoDGbFVuTKYPb6pc9OwjfnJycnf6KiqUS5KotMoLZ...</msg>
<var>${token}</var>
<arg>${response.json()}[data][token]</arg>
<doc>Returns the given values which can then be assigned to a variables.</doc>
<status status="PASS" start="2025-10-30T17:22:51.968517" elapsed="0.002020"/>
</kw>
<return>
<value>${token}</value>
<status status="PASS" start="2025-10-30T17:22:51.970604" elapsed="0.000000"/>
</return>
<msg time="2025-10-30T17:22:51.970604" level="INFO">${bossToken} = eyJhbGciOiJIUzI1NiIsInppcCI6IkRFRiJ9.eNrcWW1v2zYQ_iuEP18AUS-UnG-Jk7ZBmjZzshYbChiMRCdaZMnVS1Oj6H_fkaIkUpGTtR3QblU_WHen4_Hu-JB88mVWi5zn9SpNZofUcRzGXJhVzc3scBaLwnHoDGbFVuTKYPb6pc9OwjfnJycnf6KiqUS5KotMoLZ...</msg>
<var>${bossToken}</var>
<arg>${env_vars}[BOSS_ACCOUNT]</arg>
<arg>${env_vars}[BOSS_PASSWORD]</arg>
<status status="PASS" start="2025-10-30T17:22:51.256819" elapsed="0.713785"/>
</kw>
<kw name="I send the quotation request to savebinderrfq API" owner="vehicle_order">
<kw name="Set Variable" owner="BuiltIn">
<msg time="2025-10-30T17:22:51.973566" level="INFO">${jsonBody} = {'bizSource': 2, 'categoryId': '49', 'coverageDataJson': {'auditFlag': True, 'discountSwitch': False, 'express': 0, 'filterRawProductCode': 'R_00139', 'mainInsuranceCompanyCode': '6603001124', 'mainIn...</msg>
<var>${jsonBody}</var>
<arg>${AP_POSITIVE_DATA["quotationBody"]}</arg>
<doc>Returns the given values which can then be assigned to a variables.</doc>
<status status="PASS" start="2025-10-30T17:22:51.972565" elapsed="0.001001"/>
</kw>
<kw name="Log" owner="BuiltIn">
<msg time="2025-10-30T17:22:51.974530" level="INFO">{'bizSource': 2, 'categoryId': '49', 'coverageDataJson': {'auditFlag': True, 'discountSwitch': False, 'express': 0, 'filterRawProductCode': 'R_00139', 'mainInsuranceCompanyCode': '6603001124', 'mainInsuranceCompanyName': 'PT Asuransi Multi Artha Guna Tbk', 'mpCode': 'M_00092', 'mpName': 'MAG BASIC CAR', 'mpNameLocal': 'MAG BASIC CAR', 'mpPlanCode': 'MP_00207', 'mpPlanName': 'MAG BASIC TOTAL LOSS ONLY', 'mpPlanNameLocal': 'MAG BASIC TOTAL LOSS ONLY', 'productHeaderPicture': 'fuse-id-core-prod-rw_images/20240926/bf981b29b8964a1a91f4fa9da2c1811d.jpg', 'productHeaderPictureLocal': 'fuse-id-core-prod-rw_images/20240926/a43370357ded4c328d9b30399d3e67e5.jpg', 'productListPicture': 'fuse-id-core-prod-rw_images/20240926/e443d93ae3db4659bc7d92903d3a74e4.jpg', 'productListPictureLocal': 'fuse-id-core-prod-rw_images/20240926/7b6ad32b73eb46c69ef6d8e699bd1f13.jpg', 'productLs': [{'commissionInfo': {'mulitCommissionType': 0, 'partnerCommissionAmount': 736983, 'partnerMatchCommissionRule': None, 'partnerSpecialBonusAmount': 294794, 'partnerSupportingFeeAmount': 0}, 'adminFee': 35000, 'coverageLs': [{'bindCoverages': [], 'coverageCode': 'CM_00129', 'coverageFlag': 1, 'coverageId': 600000908, 'coverageName': 'TOTAL LOSS ONLY', 'coverageNameLocal': 'TOTAL LOSS ONLY', 'coverageRequired': 1, 'coverageStandardCode': 'PC_100022', 'coverageTypeId': 1, 'dutyDTOList': [{'coverageId': 600000908, 'dutyCode': 'D_00382', 'dutyId': 1349, 'dutyName': 'Total Loss Only', 'dutyNameLocal': 'Total Loss Only', 'dutyStandardCode': 'PB_300030', 'externalDutyCode': 'TLO', 'insuredType': 0, 'insuredUnit': 2, 'planDutyId': 35189}], 'maxCoverageDiscount': 0, 'minCoverageDiscount': 0, 'planDutyId': 35189, 'rawPlanId': 655, 'vatRate': 0, 'auditFlag': True, 'commissionInfo': {'mulitCommissionType': 0, 'partnerCommissionAmount': 381375, 'partnerCommissionRate': 0.25, 'partnerMatchCommissionRule': ['Rule:4650'], 'partnerSpecialBonusAmount': 152550, 'partnerSpecialBonusRate': 0.1, 'partnerSupportingFeeAmount': 0, 'partnerSupportingFeeRate': 0, 'partnerUplineReferralRate': 0, 'pdBreakupFeeRate': 0, 'pmBreakupFeeRate': 0, 'uplineReferralsRate': {'1': 0.1, '2': 0.05, '3': 0.025, '4': 0.0125, '5': 0.0063, '6': 0}}, 'declineReason': [], 'declineReasonLocal': [], 'discountAmount': 0, 'discountRate': 0, 'dutyLs': [{'deductibleAmountVal': 0, 'insuredAmountVal': 0, 'coverageId': 600000908, 'dutyCode': 'D_00382', 'dutyId': 1349, 'dutyName': 'Total Loss Only', 'dutyNameLocal': 'Total Loss Only', 'dutyStandardCode': 'PB_300030', 'externalDutyCode': 'TLO', 'insuredType': 0, 'insuredUnit': 2, 'planDutyId': 35189, 'insuredAmount': 610200000, 'matchPremiumRule': [], 'netPremium': 0, 'premium': 0, 'stamp': 0, 'vatAmount': 0}], 'installmentNetPremium': 0, 'installmentPremium': 0, 'installmentVatAmount': 0, 'insuredAmount': 610200000, 'netPremium': 1525500, 'originalNetPremium': 1525500, 'premium': 1525500, 'riskRate': 0.0025, 'vatAmount': 0, 'isSelect': True}], 'declineReason': [], 'declineReasonLocal': [], 'discountCommissionFromPartnerWhiteList': False, 'inspectionFlag': False, 'inspectionReason': [], 'inspectionReasonLocal': [], 'leaderGroup': False, 'matchPremiumRule': ['Rule:6324|null', 'Rule:6324|null', 'Rule:6324|null', 'Rule:6324|null', 'Rule:6324|null', 'Rule:6324|null', 'Rule:6324|null', 'Rule:6324|null'], 'planCode': 'RP_00248', 'planName': 'MAG BASIC TOTAL LOSS ONLY', 'planNameLocal': 'MAG BASIC TOTAL LOSS ONLY', 'planStandardCode': 'PBP_100021', 'policyFee': 25000, 'productCode': 'R_00139', 'productName': 'MAG BASIC CAR', 'productNameLocal': 'MAG BASIC CAR', 'quoteDimension': 4, 'serviceFee': 0, 'totalInstallmentNetPremium': 0, 'totalInstallmentPremium': 0, 'totalInstallmentVatAmount': 0, 'totalNetPremium': 2947940, 'totalNoCalculateCommissionPremium': 0, 'totalOriginalNetPremium': 2947940, 'totalPolicyDiscountAmount': 0, 'totalPolicyDiscountRate': 0, 'totalPremium': 2947940, 'totalRiderNetPremium': 1422440, 'totalRiderPremium': 1422440, 'totalStamp': 10000, 'totalVATAmount': 0, 'vehicleRepairType': 99, 'insuranceFullName': 'PT Asuransi Multi Artha Guna Tbk', 'insuranceId': '6603001124', 'policyDiscountEnd': '0', 'policyDiscountStart': '0', 'rawPlanDTOList': [{'mandatory': 1, 'rawPlanCode': 'RP_00248', 'rawPlanId': 655, 'rawPlanName': 'MAG BASIC TOTAL LOSS ONLY', 'rawPlanNameLocal': 'MAG BASIC TOTAL LOSS ONLY'}], 'rawProductId': 600200417, 'mandatory': 1, 'rawPlanCode': 'RP_00248', 'rawPlanId': 655, 'rawPlanName': 'MAG BASIC TOTAL LOSS ONLY', 'rawPlanNameLocal': 'MAG BASIC TOTAL LOSS ONLY'}], 'starLabel': 0, 'totalNetPremium': 2947940, 'totalPolicyDiscountAmount': 0, 'totalPremium': 2947940, 'totalVATAmount': 0, 'availableCouponNum': 11, 'mpId': 600300319, 'mpPlanId': 4691, 'rawDTOList': [{'insuranceFullName': 'PT Asuransi Multi Artha Guna Tbk', 'insuranceId': '6603001124', 'policyDiscountEnd': '0', 'policyDiscountStart': '0', 'productCode': 'R_00139', 'productName': 'MAG BASIC CAR', 'productNameLocal': 'MAG BASIC CAR', 'rawPlanDTOList': [{'mandatory': 1, 'rawPlanCode': 'RP_00248', 'rawPlanId': 655, 'rawPlanName': 'MAG BASIC TOTAL LOSS ONLY', 'rawPlanNameLocal': 'MAG BASIC TOTAL LOSS ONLY'}], 'rawProductId': 600200417}]}, 'quotationDataJson': {'insuranceInfo': {'premiumPaymentPeriod': 1, 'coveragePeriodUnit': 3, 'expiredDate': 1793422800000, 'idTimeZone': 46801000, 'coveragePeriod': 1, 'coveragePeriodLabel': '1 Year', 'coveragePeriodLabelLocal': '1 Tahun', 'effectiveDate': 1761886800000, 'productCode': 'M_00092', 'productName': 'MAG BASIC CAR', 'productNameLocal': 'MAG BASIC CAR', 'planCode': 'MP_00207', 'mpPlanName': 'MAG BASIC TOTAL LOSS ONLY', 'mpPlanNameLocal': 'MAG BASIC TOTAL LOSS ONLY', 'productInfo': [{'productCode': 'R_00139', 'productName': 'MAG BASIC CAR', 'productNameLocal': 'MAG BASIC CAR', 'planCode': 'RP_00248', 'rawPlanName': 'MAG BASIC TOTAL LOSS ONLY', 'rawPlanNameLocal': 'MAG BASIC TOTAL LOSS ONLY', 'policyDiscount': 0, 'coverageInfo': [{'auditFlag': True, 'coverageCode': 'CM_00129', 'coverageName': 'TOTAL LOSS ONLY', 'coverageNameLocal': 'TOTAL LOSS ONLY', 'insuredAmount': 610200000, 'insuredPersonCount': 1, 'dutyInfo': [{'dutyCode': 'D_00382', 'dutyName': 'Total Loss Only', 'dutyNameLocal': 'Total Loss Only', 'insuredAmount': 610200000, 'deductibleAmount': 0}]}]}]}, 'riskGroupInfo': {'vehicle': {'carModifyPrice': 610200000, 'carValue': 610200000, 'hasModification': 0, 'hasModificationLabel': '', 'hasModificationLabelLocal': '', 'brandCode': 'AUDI', 'carPrice': 610200000, 'brandCodeLabel': 'AUDI', 'brandCodeLabelLocal': 'AUDI', 'vehicleManufactureYear': '2025', 'vehicleManufactureYearLabel': '2025', 'vehicleManufactureYearLabelLocal': '2025', 'brandModelCode': 'A3', 'brandModelCodeLabel': 'A3', 'brandModelCodeLabelLocal': 'A3', 'brandSeriesCode': 'SPORTBACK 1.2 TFSI', 'brandSeriesCodeLabel': 'SPORTBACK 1.2 TFSI', 'brandSeriesCodeLabelLocal': 'SPORTBACK 1.2 TFSI', 'vehicleType': 'SEDAN', 'vehicleTypeLabel': 'SEDAN', 'vehicleTypeLabelLocal': 'SEDAN', 'plateCode': 'A', 'plateArea': '2', 'plateCodeLabel': 'A', 'plateCodeLabelLocal': 'A', 'vehicleUsage': 2, 'vehicleUsageLabel': 'Personal/Office', 'vehicleUsageLabelLocal': 'Pribadi/Dinas', 'plateNo': 'tba', 'confirmVehicleValue': 1, 'confirmVehicleValueLabel': '', 'confirmVehicleValueLabelLocal': ''}}}}</msg>
<arg>${jsonBody}</arg>
<doc>Logs the given message with the given level.</doc>
<status status="PASS" start="2025-10-30T17:22:51.973566" elapsed="0.000964"/>
</kw>
<kw name="Convert Json To String" owner="JSONLibrary">
<msg time="2025-10-30T17:22:51.976525" level="INFO">${strBody} = {"bizSource": 2, "categoryId": "49", "coverageDataJson": {"auditFlag": true, "discountSwitch": false, "express": 0, "filterRawProductCode": "R_00139", "mainInsuranceCompanyCode": "6603001124", "mainIn...</msg>
<var>${strBody}</var>
<arg>${jsonBody}</arg>
<doc>Convert JSON object to string</doc>
<status status="PASS" start="2025-10-30T17:22:51.975527" elapsed="0.000998"/>
</kw>
<kw name="Send Request And Get Response Data" owner="saveBinderRfqOrder">
<kw name="Run Keyword If" owner="BuiltIn">
<kw name="Set Test Variable" owner="BuiltIn">
<msg time="2025-10-30T17:22:51.980514" level="INFO">${base_url} = https://ptr-uat.fuse.co.id</msg>
<arg>${base_url}</arg>
<arg>https://ptr-${env}.fuse.co.id</arg>
<doc>Makes a variable available everywhere within the scope of the current test.</doc>
<status status="PASS" start="2025-10-30T17:22:51.979520" elapsed="0.000994"/>
</kw>
<arg>'${env}' == 'pre'</arg>
<arg>Set Test Variable</arg>
<arg>${base_url}</arg>
<arg>https://ptr.fuse.co.id</arg>
<arg>ELSE</arg>
<arg>Set Test Variable</arg>
<arg>${base_url}</arg>
<arg>https://ptr-${env}.fuse.co.id</arg>
<doc>Runs the given keyword with the given arguments, if ``condition`` is true.</doc>
<status status="PASS" start="2025-10-30T17:22:51.978520" elapsed="0.002992"/>
</kw>
<kw name="Set Variable" owner="BuiltIn">
<msg time="2025-10-30T17:22:51.982509" level="INFO">${path} = /api/rfq/order/saveBinderRfqOrder</msg>
<var>${path}</var>
<arg>/api/rfq/order/saveBinderRfqOrder</arg>
<doc>Returns the given values which can then be assigned to a variables.</doc>
<status status="PASS" start="2025-10-30T17:22:51.982509" elapsed="0.000000"/>
</kw>
<kw name="Create Dictionary" owner="BuiltIn">
<msg time="2025-10-30T17:22:51.984504" level="INFO">${headers} = {'Content-Type': 'application/json', 'clientType': 'ANDROID', 'appCode': 'IDP_FUSE_PRO', 'fusetoken': 'eyJhbGciOiJIUzI1NiIsInppcCI6IkRFRiJ9.eNpcUUFOwzAQ_AryuZFsJ3Wc3hAFqReoQJW4WVtnSw2OEyUOoqr6d7aOqkJv...</msg>
<var>${headers}</var>
<arg>Content-Type=application/json</arg>
<arg>clientType=ANDROID</arg>
<arg>appCode=IDP_FUSE_PRO</arg>
<arg>fusetoken=${token}</arg>
<doc>Creates and returns a dictionary based on the given ``items``.</doc>
<status status="PASS" start="2025-10-30T17:22:51.983506" elapsed="0.001995"/>
</kw>
<kw name="Set Variable" owner="BuiltIn">
<msg time="2025-10-30T17:22:51.986499" level="INFO">${payload} = {"bizSource": 2, "categoryId": "49", "coverageDataJson": {"auditFlag": true, "discountSwitch": false, "express": 0, "filterRawProductCode": "R_00139", "mainInsuranceCompanyCode": "6603001124", "mainIn...</msg>
<var>${payload}</var>
<arg>${data}</arg>
<doc>Returns the given values which can then be assigned to a variables.</doc>
<status status="PASS" start="2025-10-30T17:22:51.985501" elapsed="0.000998"/>
</kw>
<kw name="Send Post Request And Get Response Data" owner="httpCommon">
<kw name="Create Session" owner="RequestsLibrary">
<msg time="2025-10-30T17:22:51.991485" level="INFO">Creating Session using : alias=session, url=https://ptr-uat.fuse.co.id, headers={'Content-Type': 'application/json', 'clientType': 'ANDROID', 'appCode': 'IDP_FUSE_PRO', 'fusetoken': 'eyJhbGciOiJIUzI1NiIsInppcCI6IkRFRiJ9.eNpcUUFOwzAQ_AryuZFsJ3Wc3hAFqReoQJW4WVtnSw2OEyUOoqr6d7aOqkJv1szszHr2yCIGCNG4mi0E51wpOWPDuGULpqQWMpdKV7piM9Z2GJKMVVWh57t8TuA4YG_61iMxA1HHE4HWg2uMbZsOwsGM55kwen9L2LbGCxMPHb0FSdoxxP6wmtYRuSKsae3X6moyKR7SNFstKRBsAk2A5oxJLuc8l_quHzfvW0uCwbZnf8Yms-ekm-zwp6OoUhUF16LkZNZ1lzYK2mDGHMSkEFqopPiMjrwQQEprMcNSy6zI8zLbgq0zUXGJXHFbomCTnb3sujZPm7dHs359IeYbvKshoumgh2b4X9LeUbF_qnPDfd24wBY78ANev5wOcnOpdJRECE0n5aXmpao4MTVa14Bfug8XKZD_WWIPofbYT3mnXwAAAP__.ogieqM3pZAh0GprYQAN5P0EWRuawX0FnupGCNYxcalY'},                     cookies={}, auth=None, timeout=None, proxies=None, verify=True,                     debug=0 </msg>
<arg>session</arg>
<arg>${url}</arg>
<arg>headers=&amp;{headers}</arg>
<arg>verify=true</arg>
<doc>Create Session: create a HTTP session to a server</doc>
<status status="PASS" start="2025-10-30T17:22:51.990487" elapsed="0.000998"/>
</kw>
<kw name="POST On Session" owner="RequestsLibrary">
<msg time="2025-10-30T17:22:52.400900" level="INFO">POST Request : url=https://ptr-uat.fuse.co.id/api/rfq/order/saveBinderRfqOrder 
 path_url=/api/rfq/order/saveBinderRfqOrder 
 headers={'User-Agent': 'python-requests/2.32.3', 'Accept-Encoding': 'gzip, deflate', 'Accept': '*/*', 'Connection': 'keep-alive', 'Content-Type': 'application/json', 'clientType': 'ANDROID', 'appCode': 'IDP_FUSE_PRO', 'fusetoken': 'eyJhbGciOiJIUzI1NiIsInppcCI6IkRFRiJ9.eNpcUUFOwzAQ_AryuZFsJ3Wc3hAFqReoQJW4WVtnSw2OEyUOoqr6d7aOqkJv1szszHr2yCIGCNG4mi0E51wpOWPDuGULpqQWMpdKV7piM9Z2GJKMVVWh57t8TuA4YG_61iMxA1HHE4HWg2uMbZsOwsGM55kwen9L2LbGCxMPHb0FSdoxxP6wmtYRuSKsae3X6moyKR7SNFstKRBsAk2A5oxJLuc8l_quHzfvW0uCwbZnf8Yms-ekm-zwp6OoUhUF16LkZNZ1lzYK2mDGHMSkEFqopPiMjrwQQEprMcNSy6zI8zLbgq0zUXGJXHFbomCTnb3sujZPm7dHs359IeYbvKshoumgh2b4X9LeUbF_qnPDfd24wBY78ANev5wOcnOpdJRECE0n5aXmpao4MTVa14Bfug8XKZD_WWIPofbYT3mnXwAAAP__.ogieqM3pZAh0GprYQAN5P0EWRuawX0FnupGCNYxcalY', 'Content-Length': '7250'} 
 body={"bizSource": 2, "categoryId": "49", "coverageDataJson": {"auditFlag": true, "discountSwitch": false, "express": 0, "filterRawProductCode": "R_00139", "mainInsuranceCompanyCode": "6603001124", "mainInsuranceCompanyName": "PT Asuransi Multi Artha Guna Tbk", "mpCode": "M_00092", "mpName": "MAG BASIC CAR", "mpNameLocal": "MAG BASIC CAR", "mpPlanCode": "MP_00207", "mpPlanName": "MAG BASIC TOTAL LOSS ONLY", "mpPlanNameLocal": "MAG BASIC TOTAL LOSS ONLY", "productHeaderPicture": "fuse-id-core-prod-rw_images/20240926/bf981b29b8964a1a91f4fa9da2c1811d.jpg", "productHeaderPictureLocal": "fuse-id-core-prod-rw_images/20240926/a43370357ded4c328d9b30399d3e67e5.jpg", "productListPicture": "fuse-id-core-prod-rw_images/20240926/e443d93ae3db4659bc7d92903d3a74e4.jpg", "productListPictureLocal": "fuse-id-core-prod-rw_images/20240926/7b6ad32b73eb46c69ef6d8e699bd1f13.jpg", "productLs": [{"commissionInfo": {"mulitCommissionType": 0, "partnerCommissionAmount": 736983, "partnerMatchCommissionRule": null, "partnerSpecialBonusAmount": 294794, "partnerSupportingFeeAmount": 0}, "adminFee": 35000, "coverageLs": [{"bindCoverages": [], "coverageCode": "CM_00129", "coverageFlag": 1, "coverageId": 600000908, "coverageName": "TOTAL LOSS ONLY", "coverageNameLocal": "TOTAL LOSS ONLY", "coverageRequired": 1, "coverageStandardCode": "PC_100022", "coverageTypeId": 1, "dutyDTOList": [{"coverageId": 600000908, "dutyCode": "D_00382", "dutyId": 1349, "dutyName": "Total Loss Only", "dutyNameLocal": "Total Loss Only", "dutyStandardCode": "PB_300030", "externalDutyCode": "TLO", "insuredType": 0, "insuredUnit": 2, "planDutyId": 35189}], "maxCoverageDiscount": 0, "minCoverageDiscount": 0, "planDutyId": 35189, "rawPlanId": 655, "vatRate": 0, "auditFlag": true, "commissionInfo": {"mulitCommissionType": 0, "partnerCommissionAmount": 381375, "partnerCommissionRate": 0.25, "partnerMatchCommissionRule": ["Rule:4650"], "partnerSpecialBonusAmount": 152550, "partnerSpecialBonusRate": 0.1, "partnerSupportingFeeAmount": 0, "partnerSupportingFeeRate": 0, "partnerUplineReferralRate": 0, "pdBreakupFeeRate": 0, "pmBreakupFeeRate": 0, "uplineReferralsRate": {"1": 0.1, "2": 0.05, "3": 0.025, "4": 0.0125, "5": 0.0063, "6": 0}}, "declineReason": [], "declineReasonLocal": [], "discountAmount": 0, "discountRate": 0, "dutyLs": [{"deductibleAmountVal": 0, "insuredAmountVal": 0, "coverageId": 600000908, "dutyCode": "D_00382", "dutyId": 1349, "dutyName": "Total Loss Only", "dutyNameLocal": "Total Loss Only", "dutyStandardCode": "PB_300030", "externalDutyCode": "TLO", "insuredType": 0, "insuredUnit": 2, "planDutyId": 35189, "insuredAmount": 610200000, "matchPremiumRule": [], "netPremium": 0, "premium": 0, "stamp": 0, "vatAmount": 0}], "installmentNetPremium": 0, "installmentPremium": 0, "installmentVatAmount": 0, "insuredAmount": 610200000, "netPremium": 1525500, "originalNetPremium": 1525500, "premium": 1525500, "riskRate": 0.0025, "vatAmount": 0, "isSelect": true}], "declineReason": [], "declineReasonLocal": [], "discountCommissionFromPartnerWhiteList": false, "inspectionFlag": false, "inspectionReason": [], "inspectionReasonLocal": [], "leaderGroup": false, "matchPremiumRule": ["Rule:6324|null", "Rule:6324|null", "Rule:6324|null", "Rule:6324|null", "Rule:6324|null", "Rule:6324|null", "Rule:6324|null", "Rule:6324|null"], "planCode": "RP_00248", "planName": "MAG BASIC TOTAL LOSS ONLY", "planNameLocal": "MAG BASIC TOTAL LOSS ONLY", "planStandardCode": "PBP_100021", "policyFee": 25000, "productCode": "R_00139", "productName": "MAG BASIC CAR", "productNameLocal": "MAG BASIC CAR", "quoteDimension": 4, "serviceFee": 0, "totalInstallmentNetPremium": 0, "totalInstallmentPremium": 0, "totalInstallmentVatAmount": 0, "totalNetPremium": 2947940, "totalNoCalculateCommissionPremium": 0, "totalOriginalNetPremium": 2947940, "totalPolicyDiscountAmount": 0, "totalPolicyDiscountRate": 0, "totalPremium": 2947940, "totalRiderNetPremium": 1422440, "totalRiderPremium": 1422440, "totalStamp": 10000, "totalVATAmount": 0, "vehicleRepairType": 99, "insuranceFullName": "PT Asuransi Multi Artha Guna Tbk", "insuranceId": "6603001124", "policyDiscountEnd": "0", "policyDiscountStart": "0", "rawPlanDTOList": [{"mandatory": 1, "rawPlanCode": "RP_00248", "rawPlanId": 655, "rawPlanName": "MAG BASIC TOTAL LOSS ONLY", "rawPlanNameLocal": "MAG BASIC TOTAL LOSS ONLY"}], "rawProductId": 600200417, "mandatory": 1, "rawPlanCode": "RP_00248", "rawPlanId": 655, "rawPlanName": "MAG BASIC TOTAL LOSS ONLY", "rawPlanNameLocal": "MAG BASIC TOTAL LOSS ONLY"}], "starLabel": 0, "totalNetPremium": 2947940, "totalPolicyDiscountAmount": 0, "totalPremium": 2947940, "totalVATAmount": 0, "availableCouponNum": 11, "mpId": 600300319, "mpPlanId": 4691, "rawDTOList": [{"insuranceFullName": "PT Asuransi Multi Artha Guna Tbk", "insuranceId": "6603001124", "policyDiscountEnd": "0", "policyDiscountStart": "0", "productCode": "R_00139", "productName": "MAG BASIC CAR", "productNameLocal": "MAG BASIC CAR", "rawPlanDTOList": [{"mandatory": 1, "rawPlanCode": "RP_00248", "rawPlanId": 655, "rawPlanName": "MAG BASIC TOTAL LOSS ONLY", "rawPlanNameLocal": "MAG BASIC TOTAL LOSS ONLY"}], "rawProductId": 600200417}]}, "quotationDataJson": {"insuranceInfo": {"premiumPaymentPeriod": 1, "coveragePeriodUnit": 3, "expiredDate": 1793422800000, "idTimeZone": 46801000, "coveragePeriod": 1, "coveragePeriodLabel": "1 Year", "coveragePeriodLabelLocal": "1 Tahun", "effectiveDate": 1761886800000, "productCode": "M_00092", "productName": "MAG BASIC CAR", "productNameLocal": "MAG BASIC CAR", "planCode": "MP_00207", "mpPlanName": "MAG BASIC TOTAL LOSS ONLY", "mpPlanNameLocal": "MAG BASIC TOTAL LOSS ONLY", "productInfo": [{"productCode": "R_00139", "productName": "MAG BASIC CAR", "productNameLocal": "MAG BASIC CAR", "planCode": "RP_00248", "rawPlanName": "MAG BASIC TOTAL LOSS ONLY", "rawPlanNameLocal": "MAG BASIC TOTAL LOSS ONLY", "policyDiscount": 0, "coverageInfo": [{"auditFlag": true, "coverageCode": "CM_00129", "coverageName": "TOTAL LOSS ONLY", "coverageNameLocal": "TOTAL LOSS ONLY", "insuredAmount": 610200000, "insuredPersonCount": 1, "dutyInfo": [{"dutyCode": "D_00382", "dutyName": "Total Loss Only", "dutyNameLocal": "Total Loss Only", "insuredAmount": 610200000, "deductibleAmount": 0}]}]}]}, "riskGroupInfo": {"vehicle": {"carModifyPrice": 610200000, "carValue": 610200000, "hasModification": 0, "hasModificationLabel": "", "hasModificationLabelLocal": "", "brandCode": "AUDI", "carPrice": 610200000, "brandCodeLabel": "AUDI", "brandCodeLabelLocal": "AUDI", "vehicleManufactureYear": "2025", "vehicleManufactureYearLabel": "2025", "vehicleManufactureYearLabelLocal": "2025", "brandModelCode": "A3", "brandModelCodeLabel": "A3", "brandModelCodeLabelLocal": "A3", "brandSeriesCode": "SPORTBACK 1.2 TFSI", "brandSeriesCodeLabel": "SPORTBACK 1.2 TFSI", "brandSeriesCodeLabelLocal": "SPORTBACK 1.2 TFSI", "vehicleType": "SEDAN", "vehicleTypeLabel": "SEDAN", "vehicleTypeLabelLocal": "SEDAN", "plateCode": "A", "plateArea": "2", "plateCodeLabel": "A", "plateCodeLabelLocal": "A", "vehicleUsage": 2, "vehicleUsageLabel": "Personal/Office", "vehicleUsageLabelLocal": "Pribadi/Dinas", "plateNo": "tba", "confirmVehicleValue": 1, "confirmVehicleValueLabel": "", "confirmVehicleValueLabelLocal": ""}}}} 
 </msg>
<msg time="2025-10-30T17:22:52.400900" level="INFO">POST Response : url=https://ptr-uat.fuse.co.id/api/rfq/order/saveBinderRfqOrder 
 status=200, reason= 
 headers={'Server': 'nginx', 'Date': 'Thu, 30 Oct 2025 09:22:51 GMT', 'Content-Type': 'application/json;charset=UTF-8', 'Content-Length': '235', 'Connection': 'keep-alive', 'Vary': 'Origin, Access-Control-Request-Method, Access-Control-Request-Headers', 'trace': '21f139312a20034a', 'x-trace-id': '21f139312a20034a', 'X-XSS-Protection': '1; mode=block', 'X-Content-Type-Options': 'nosniff', 'Strict-Transport-Security': 'max-age=31536000;includeSubDomains;preload', 'Set-Cookie': 'Path=/; HttpOnly; Secure', 'Access-Control-Allow-Headers': 'DNT,X-CustomHeader,Keep-Alive,User-Agent,X-Requested-With,If-Modified-Since,Cache-Control,Content-Type,appCode,lang,fusetoken,authorization,language,x-ka-path-id,Sec-Fetch-Mode,X-Trace-Id,Accept,version,clientType,timeZone,appCode,X-5a-fusepro-token,x-5a-temp-token,x-web-version,x-account-id,x-language,x-client-type,x-app-code,x-fuse-token,x-fms-token,x-latitude,x-longitude,x-system-version,x-device-Info,x-device-id,x-app-version-name,x-app-version-number,x-time-zone,x-tenant-id,x-trace-id,x-ip,x-web-version,x-mac,x-timestamp,x-web-source,x-client-sign,phonetype,x-device-type,x-user-accountid,accountid,usertoken,x-user-token,pk_id,language,x-client-language,version,devicetype,x-device-type,clienttype,fusetype,x-client-type,user-agent,fusetoken,sign,latitude,longitude,x-device-geo,nettype,x-device-networktype,x-device-info,systemversion,uuid,x-device-id,appversion,x-client-version,appversionnumber,x-client-versioncode,x-device-timezone,x-aicn-tenant,x-app-code,tenantId,fmstoken,x-wa-temp-token,x-token,x-geo,x-mac'} 
 body={"code":200,"data":{"quoteNo":"QS-1983826927385518081","rfqCode":"M_00092","rfqName":"MAG BASIC CAR","rfqNameLocal":"MAG BASIC CAR","rfqNo":"RFQ-1983826927385518082"},"header":{"message":"SUCCESS","resultCode":200},"message":"SUCCESS"} 
 </msg>
<msg time="2025-10-30T17:22:52.401897" level="INFO">${response} = &lt;Response [200]&gt;</msg>
<var>${response}</var>
<arg>session</arg>
<arg>${path}</arg>
<arg>${body}</arg>
<doc>Sends a POST request on a previously created HTTP Session.</doc>
<status status="PASS" start="2025-10-30T17:22:51.992482" elapsed="0.409415"/>
</kw>
<return>
<value>${response}</value>
<status status="PASS" start="2025-10-30T17:22:52.401897" elapsed="0.000000"/>
</return>
<msg time="2025-10-30T17:22:52.402896" level="INFO">${response} = &lt;Response [200]&gt;</msg>
<var>${response}</var>
<arg>${base_url}</arg>
<arg>${path}</arg>
<arg>${headers}</arg>
<arg>${payload}</arg>
<doc>发送请求，获取response 返回 Data数据</doc>
<status status="PASS" start="2025-10-30T17:22:51.987496" elapsed="0.415400"/>
</kw>
<return>
<value>${response}</value>
<status status="PASS" start="2025-10-30T17:22:52.402896" elapsed="0.000000"/>
</return>
<msg time="2025-10-30T17:22:52.403893" level="INFO">${response} = &lt;Response [200]&gt;</msg>
<var>${response}</var>
<arg>${token}</arg>
<arg>${strBody}</arg>
<status status="PASS" start="2025-10-30T17:22:51.977523" elapsed="0.426370"/>
</kw>
<kw name="Log" owner="BuiltIn">
<msg time="2025-10-30T17:22:52.404890" level="INFO">&lt;Response [200]&gt;</msg>
<arg>${response}</arg>
<doc>Logs the given message with the given level.</doc>
<status status="PASS" start="2025-10-30T17:22:52.404890" elapsed="0.000000"/>
</kw>
<kw name="Set Test Variable" owner="BuiltIn">
<msg time="2025-10-30T17:22:52.408879" level="INFO">${jsonResult} = {'code': 200, 'data': {'quoteNo': 'QS-1983826927385518081', 'rfqCode': 'M_00092', 'rfqName': 'MAG BASIC CAR', 'rfqNameLocal': 'MAG BASIC CAR', 'rfqNo': 'RFQ-1983826927385518082'}, 'header': {'message'...</msg>
<arg>${jsonResult}</arg>
<arg>${response.json()}</arg>
<doc>Makes a variable available everywhere within the scope of the current test.</doc>
<status status="PASS" start="2025-10-30T17:22:52.405888" elapsed="0.002991"/>
</kw>
<arg>${ORDER_MSG_AP_POSITIVE_DATA}</arg>
<arg>${token}</arg>
<status status="PASS" start="2025-10-30T17:22:51.971577" elapsed="0.437302"/>
</kw>
<kw name="The response should contain the value quoteNo and rfqNo" owner="assertUtil">
<kw name="Should Contain" owner="BuiltIn">
<arg>${jsonResult}[data]</arg>
<arg>rfqNo</arg>
<doc>Fails if ``container`` does not contain ``item`` one or more times.</doc>
<status status="PASS" start="2025-10-30T17:22:52.410874" elapsed="0.000997"/>
</kw>
<kw name="Should Contain" owner="BuiltIn">
<arg>${jsonResult}[data]</arg>
<arg>quoteNo</arg>
<doc>Fails if ``container`` does not contain ``item`` one or more times.</doc>
<status status="PASS" start="2025-10-30T17:22:52.411871" elapsed="0.000000"/>
</kw>
<kw name="Set Test Variable" owner="BuiltIn">
<msg time="2025-10-30T17:22:52.413866" level="INFO">${rfqNo} = RFQ-1983826927385518082</msg>
<arg>${rfqNo}</arg>
<arg>${jsonResult}[data][rfqNo]</arg>
<doc>Makes a variable available everywhere within the scope of the current test.</doc>
<status status="PASS" start="2025-10-30T17:22:52.412869" elapsed="0.001994"/>
</kw>
<kw name="Set Test Variable" owner="BuiltIn">
<msg time="2025-10-30T17:22:52.416861" level="INFO">${quoteNo} = QS-1983826927385518081</msg>
<arg>${quoteNo}</arg>
<arg>${jsonResult}[data][quoteNo]</arg>
<doc>Makes a variable available everywhere within the scope of the current test.</doc>
<status status="PASS" start="2025-10-30T17:22:52.414863" elapsed="0.001998"/>
</kw>
<arg>${jsonResult}</arg>
<status status="PASS" start="2025-10-30T17:22:52.409876" elapsed="0.007979"/>
</kw>
<kw name="I send the place order request to createrfqorder API" owner="vehicle_order">
<kw name="Set Variable" owner="BuiltIn">
<msg time="2025-10-30T17:22:52.420846" level="INFO">${jsonBody} = {'rfqNo': 'RFQ-1983709565529427971', 'quoteNo': 'QS-1983709565529427970', 'agentUid': 20660000001269, 'bizSource': 2, 'creatorUid': 20660000001269, 'appPlatform': '3', 'appVersion': '5.74.1', 'deviceI...</msg>
<var>${jsonBody}</var>
<arg>${AP_POSITIVE_DATA["placeOrderBody"]}</arg>
<doc>Returns the given values which can then be assigned to a variables.</doc>
<status status="PASS" start="2025-10-30T17:22:52.419849" elapsed="0.000997"/>
</kw>
<kw name="Get Effective Time" owner="utilCommon">
<kw name="Get Current Date" owner="DateTime">
<msg time="2025-10-30T17:22:52.422841" level="INFO">${effective} = 2025-10-30 17:22:52</msg>
<var>${effective}</var>
<arg>result_format=%Y-%m-%d %H:%M:%S</arg>
<doc>Returns current local or UTC time with an optional increment.</doc>
<status status="PASS" start="2025-10-30T17:22:52.422841" elapsed="0.000999"/>
</kw>
<kw name="Add Time To Date" owner="DateTime">
<msg time="2025-10-30T17:22:52.428827" level="INFO">${effective} = 2025-11-02 17:22:52.000</msg>
<var>${effective}</var>
<arg>${effective}</arg>
<arg>3 days</arg>
<doc>Adds time to date and returns the resulting date.</doc>
<status status="PASS" start="2025-10-30T17:22:52.423840" elapsed="0.004987"/>
</kw>
<kw name="Log" owner="BuiltIn">
<msg time="2025-10-30T17:22:52.429824" level="INFO">2025-11-02 17:22:52.000</msg>
<arg>${effective}</arg>
<doc>Logs the given message with the given level.</doc>
<status status="PASS" start="2025-10-30T17:22:52.428827" elapsed="0.000997"/>
</kw>
<kw name="Convert Date" owner="DateTime">
<msg time="2025-10-30T17:22:52.430820" level="INFO">${effective_timestamp} = 1762075372.0</msg>
<var>${effective_timestamp}</var>
<arg>${effective}</arg>
<arg>epoch</arg>
<doc>Converts between supported `date formats`.</doc>
<status status="PASS" start="2025-10-30T17:22:52.429824" elapsed="0.000996"/>
</kw>
<kw name="Log" owner="BuiltIn">
<msg time="2025-10-30T17:22:52.431819" level="INFO">1762075372.0</msg>
<arg>${effective_timestamp}</arg>
<doc>Logs the given message with the given level.</doc>
<status status="PASS" start="2025-10-30T17:22:52.431819" elapsed="0.000000"/>
</kw>
<kw name="Evaluate" owner="BuiltIn">
<msg time="2025-10-30T17:22:52.432815" level="INFO">${effective_timestamp_ms} = 1762075372000</msg>
<var>${effective_timestamp_ms}</var>
<arg>int(round(${effective_timestamp} * 1000))</arg>
<doc>Evaluates the given expression in Python and returns the result.</doc>
<status status="PASS" start="2025-10-30T17:22:52.432815" elapsed="0.000997"/>
</kw>
<kw name="Log" owner="BuiltIn">
<msg time="2025-10-30T17:22:52.434810" level="INFO">1762075372000</msg>
<arg>${effective_timestamp_ms}</arg>
<doc>Logs the given message with the given level.</doc>
<status status="PASS" start="2025-10-30T17:22:52.433812" elapsed="0.000998"/>
</kw>
<return>
<value>${effective_timestamp_ms}</value>
<status status="PASS" start="2025-10-30T17:22:52.434810" elapsed="0.000000"/>
</return>
<msg time="2025-10-30T17:22:52.435807" level="INFO">${effectiveTime} = 1762075372000</msg>
<var>${effectiveTime}</var>
<status status="PASS" start="2025-10-30T17:22:52.421844" elapsed="0.013963"/>
</kw>
<kw name="Get Expire Time" owner="utilCommon">
<kw name="Get Current Date" owner="DateTime">
<msg time="2025-10-30T17:22:52.437801" level="INFO">${effective} = 2025-10-30 17:22:52 time_zone=GMT</msg>
<var>${effective}</var>
<arg>result_format=%Y-%m-%d %H:%M:%S time_zone=GMT</arg>
<doc>Returns current local or UTC time with an optional increment.</doc>
<status status="PASS" start="2025-10-30T17:22:52.436804" elapsed="0.000997"/>
</kw>
<kw name="Add Time To Date" owner="DateTime">
<msg time="2025-10-30T17:22:52.438799" level="INFO">${effective} = 2025-11-02 17:22:52.000</msg>
<var>${effective}</var>
<arg>${effective}</arg>
<arg>3 days</arg>
<doc>Adds time to date and returns the resulting date.</doc>
<status status="PASS" start="2025-10-30T17:22:52.437801" elapsed="0.000998"/>
</kw>
<kw name="Add Time To Date" owner="DateTime">
<msg time="2025-10-30T17:22:52.439797" level="INFO">${expireTime} = 2026-11-02 17:22:52.000</msg>
<var>${expireTime}</var>
<arg>${effective}</arg>
<arg>365 days</arg>
<doc>Adds time to date and returns the resulting date.</doc>
<status status="PASS" start="2025-10-30T17:22:52.439797" elapsed="0.000000"/>
</kw>
<kw name="Log" owner="BuiltIn">
<msg time="2025-10-30T17:22:52.440793" level="INFO">2026-11-02 17:22:52.000</msg>
<arg>${expireTime}</arg>
<doc>Logs the given message with the given level.</doc>
<status status="PASS" start="2025-10-30T17:22:52.440793" elapsed="0.000998"/>
</kw>
<kw name="Convert Date" owner="DateTime">
<msg time="2025-10-30T17:22:52.442788" level="INFO">${expireTime_timestamp} = 1793611372.0</msg>
<var>${expireTime_timestamp}</var>
<arg>${expireTime}</arg>
<arg>epoch</arg>
<doc>Converts between supported `date formats`.</doc>
<status status="PASS" start="2025-10-30T17:22:52.442788" elapsed="0.000997"/>
</kw>
<kw name="Log" owner="BuiltIn">
<msg time="2025-10-30T17:22:52.444783" level="INFO">1793611372.0</msg>
<arg>${expireTime_timestamp}</arg>
<doc>Logs the given message with the given level.</doc>
<status status="PASS" start="2025-10-30T17:22:52.443785" elapsed="0.000998"/>
</kw>
<kw name="Evaluate" owner="BuiltIn">
<msg time="2025-10-30T17:22:52.445780" level="INFO">${expireTime_timestamp_ms} = 1793611372000</msg>
<var>${expireTime_timestamp_ms}</var>
<arg>int(round(${expireTime_timestamp} * 1000))</arg>
<doc>Evaluates the given expression in Python and returns the result.</doc>
<status status="PASS" start="2025-10-30T17:22:52.444783" elapsed="0.000997"/>
</kw>
<kw name="Log" owner="BuiltIn">
<msg time="2025-10-30T17:22:52.446777" level="INFO">1793611372000</msg>
<arg>${expireTime_timestamp_ms}</arg>
<doc>Logs the given message with the given level.</doc>
<status status="PASS" start="2025-10-30T17:22:52.445780" elapsed="0.000997"/>
</kw>
<return>
<value>${expireTime_timestamp_ms}</value>
<status status="PASS" start="2025-10-30T17:22:52.446777" elapsed="0.000000"/>
</return>
<msg time="2025-10-30T17:22:52.447774" level="INFO">${expireTime} = 1793611372000</msg>
<var>${expireTime}</var>
<arg>365</arg>
<status status="PASS" start="2025-10-30T17:22:52.435807" elapsed="0.011967"/>
</kw>
<kw name="Log" owner="BuiltIn">
<msg time="2025-10-30T17:22:52.448774" level="INFO"/>
<arg>${vehicleVinNo}</arg>
<doc>Logs the given message with the given level.</doc>
<status status="PASS" start="2025-10-30T17:22:52.447774" elapsed="0.001000"/>
</kw>
<if>
<branch type="IF" condition="'${vehicleVinNo}' == ''">
<kw name="Generate Random chars" owner="utilCommon">
<kw name="Evaluate" owner="BuiltIn">
<msg time="2025-10-30T17:22:52.452761" level="INFO">${random_string} = kcTVfB</msg>
<var>${random_string}</var>
<arg>''.join(random.choice(string.ascii_letters + string.digits) for _ in range(6))</arg>
<arg>random, string</arg>
<doc>Evaluates the given expression in Python and returns the result.</doc>
<status status="PASS" start="2025-10-30T17:22:52.451765" elapsed="0.000996"/>
</kw>
<return>
<value>${random_string}</value>
<status status="PASS" start="2025-10-30T17:22:52.452761" elapsed="0.000998"/>
</return>
<msg time="2025-10-30T17:22:52.453759" level="INFO">${vehicleVinNo} = kcTVfB</msg>
<var>${vehicleVinNo}</var>
<doc>生成一个6位数，包含数字+字符</doc>
<status status="PASS" start="2025-10-30T17:22:52.449770" elapsed="0.003989"/>
</kw>
<status status="PASS" start="2025-10-30T17:22:52.448774" elapsed="0.004985"/>
</branch>
<status status="PASS" start="2025-10-30T17:22:52.448774" elapsed="0.004985"/>
</if>
<kw name="Generate Random chars" owner="utilCommon">
<kw name="Evaluate" owner="BuiltIn">
<msg time="2025-10-30T17:22:52.455755" level="INFO">${random_string} = 5huHCE</msg>
<var>${random_string}</var>
<arg>''.join(random.choice(string.ascii_letters + string.digits) for _ in range(6))</arg>
<arg>random, string</arg>
<doc>Evaluates the given expression in Python and returns the result.</doc>
<status status="PASS" start="2025-10-30T17:22:52.455755" elapsed="0.000000"/>
</kw>
<return>
<value>${random_string}</value>
<status status="PASS" start="2025-10-30T17:22:52.456753" elapsed="0.000000"/>
</return>
<msg time="2025-10-30T17:22:52.456753" level="INFO">${vehicleEngineNo} = 5huHCE</msg>
<var>${vehicleEngineNo}</var>
<doc>生成一个6位数，包含数字+字符</doc>
<status status="PASS" start="2025-10-30T17:22:52.454757" elapsed="0.001996"/>
</kw>
<kw name="Log" owner="BuiltIn">
<msg time="2025-10-30T17:22:52.457749" level="INFO">kcTVfB</msg>
<arg>${vehicleVinNo}</arg>
<doc>Logs the given message with the given level.</doc>
<status status="PASS" start="2025-10-30T17:22:52.457749" elapsed="0.000000"/>
</kw>
<kw name="Log" owner="BuiltIn">
<msg time="2025-10-30T17:22:52.458746" level="INFO">5huHCE</msg>
<arg>${vehicleEngineNo}</arg>
<doc>Logs the given message with the given level.</doc>
<status status="PASS" start="2025-10-30T17:22:52.458746" elapsed="0.000000"/>
</kw>
<kw name="Evaluate" owner="BuiltIn">
<msg time="2025-10-30T17:22:52.460740" level="INFO">${type} = &lt;class 'dict'&gt;</msg>
<var>${type}</var>
<arg>type(${jsonBody})</arg>
<doc>Evaluates the given expression in Python and returns the result.</doc>
<status status="PASS" start="2025-10-30T17:22:52.459743" elapsed="0.001996"/>
</kw>
<kw name="Log" owner="BuiltIn">
<msg time="2025-10-30T17:22:52.462734" level="INFO">&lt;class 'dict'&gt;</msg>
<arg>${type}</arg>
<doc>Logs the given message with the given level.</doc>
<status status="PASS" start="2025-10-30T17:22:52.461739" elapsed="0.000995"/>
</kw>
<kw name="Log" owner="BuiltIn">
[...]
c0c7f2.png', 'code': 'DBEF01F551294000A41E2F0D42AC323C', 'tradingId': 'CA317324E7B0454CBF37C29428599167', 'tradingType': 1, 'uid': 7399}], 'index': 0, 'actualAmount': 1570500, 'attachmentLs': [{'fileKey': 'fuse-id-core-prod-rw_images/20250203/4636728a68ea4f11ad095da384c0c664.png', 'fileName': 'cry.png', 'fileType': 'png', 'fileUrl': 'https://oss-pre.fuse.co.id/images/20250203/4636728a68ea4f11ad095da384c0c664.png?Expires=1738627199&amp;OSSAccessKeyId=LTAI5tPgSx4JTJLnSZwvmfay&amp;Signature=KBxr606uwOIV1btLg0YAc22jCMw%3D', 'uploadUrl': 'https://fuse-id-core-prod-rw.oss-ap-southeast-5.aliyuncs.com/images/20250203/4636728a68ea4f11ad095da384c0c664.png?Expires=1738617745&amp;OSSAccessKeyId=LTAI5tPgSx4JTJLnSZwvmfay&amp;Signature=kVQGZFHD8iLiQ28ne0AoGKLmHGI%3D', 'name': 'cry.png', 'url': 'https://oss-pre.fuse.co.id/images/20250203/4636728a68ea4f11ad095da384c0c664.png?Expires=1738627199&amp;OSSAccessKeyId=LTAI5tPgSx4JTJLnSZwvmfay&amp;Signature=KBxr606uwOIV1btLg0YAc22jCMw%3D', 'uid': 1738617448082, 'status': 'success', 'attachmentId': 'fuse-id-core-prod-rw_images/20250203/4636728a68ea4f11ad095da384c0c664.png', 'attachKey': 1}]}], 'finalPayableAmount': 1560500, 'overpaymentAmount': '10000', 'paymentBillNo': '1883744047807434754', 'paymentBizType': 1, 'paymentBizId': '1883742960001474562', 'businessId': 'FUSE-20250127-120454580', 'methodCode': '1101', 'balanceDeductionLs': [], 'bonus': 0, 'point': 0, 'payerType': 2, 'paymentScheme': 1, 'bizAmount': 1560500, 'finishTime': 1738615668000, 'beneficiaryBankAccount': '0013334545', 'actualPaymentAmount': 1570500, 'beneficiaryId': '6603000949', 'beneficiaryName': 'PT. Zurich General Takaful Indonesia', 'beneficiaryRole': 1, 'beneficiaryOptions': [{'beneficiaryId': '6603000949', 'beneficiaryName': 'PT. Zurich General Takaful Indonesia', 'beneficiaryRole': 1}, {'beneficiaryId': '6604000375', 'beneficiaryName': 'PT Pialang Asuransi Indotekno', 'beneficiaryRole': 2}], 'transactionId': '', 'bizTransactionId': '', 'orderId': ''}, 'taskId': '12c4c5a8-b572-11f0-a1dc-4261e0b9eb68'}</msg>
<arg>${jsonBody}</arg>
<doc>Logs the given message with the given level.</doc>
<status status="PASS" start="2025-10-30T17:24:45.048518" elapsed="0.001001"/>
</kw>
<kw name="Convert Json To String" owner="JSONLibrary">
<msg time="2025-10-30T17:24:45.051508" level="INFO">${strBody} = {"action": "Approval", "workflow": "BillingFlow", "comment": {"classify1": ""}, "data": {"paymentBillingNo": "1983826961630695425", "confirmSlipLs": [{"amount": 1570500, "beneficiaryBankAccount": "001...</msg>
<var>${strBody}</var>
<arg>${jsonBody}</arg>
<doc>Convert JSON object to string</doc>
<status status="PASS" start="2025-10-30T17:24:45.050511" elapsed="0.000997"/>
</kw>
<kw name="Send Request And Get Response Data" owner="approval">
<kw name="Set Variable" owner="BuiltIn">
<msg time="2025-10-30T17:24:45.054499" level="INFO">${base_url} = https://boss-uat.fuse.co.id</msg>
<var>${base_url}</var>
<arg>https://boss-uat.fuse.co.id</arg>
<doc>Returns the given values which can then be assigned to a variables.</doc>
<status status="PASS" start="2025-10-30T17:24:45.054499" elapsed="0.000997"/>
</kw>
<kw name="Set Variable" owner="BuiltIn">
<msg time="2025-10-30T17:24:45.056494" level="INFO">${path} = /api/bpm/flow/approval</msg>
<var>${path}</var>
<arg>/api/bpm/flow/approval</arg>
<doc>Returns the given values which can then be assigned to a variables.</doc>
<status status="PASS" start="2025-10-30T17:24:45.055496" elapsed="0.000998"/>
</kw>
<kw name="Create Dictionary" owner="BuiltIn">
<msg time="2025-10-30T17:24:45.057491" level="INFO">${headers} = {'Content-Type': 'application/json', 'clientType': 'application/json;charset=UTF-8', 'appCode': 'IDP_BOSS', 'fusetoken': 'eyJhbGciOiJIUzI1NiIsInppcCI6IkRFRiJ9.eNrcWW1v2zYQ_iuEP18AUS-UnG-Jk7ZBmjZzshYbC...</msg>
<var>${headers}</var>
<arg>Content-Type=application/json</arg>
<arg>clientType=application/json;charset=UTF-8</arg>
<arg>appCode=IDP_BOSS</arg>
<arg>fusetoken=${bossToken}</arg>
<doc>Creates and returns a dictionary based on the given ``items``.</doc>
<status status="PASS" start="2025-10-30T17:24:45.057491" elapsed="0.000998"/>
</kw>
<kw name="Set Variable" owner="BuiltIn">
<msg time="2025-10-30T17:24:45.059486" level="INFO">${payload} = {"action": "Approval", "workflow": "BillingFlow", "comment": {"classify1": ""}, "data": {"paymentBillingNo": "1983826961630695425", "confirmSlipLs": [{"amount": 1570500, "beneficiaryBankAccount": "001...</msg>
<var>${payload}</var>
<arg>${data}</arg>
<doc>Returns the given values which can then be assigned to a variables.</doc>
<status status="PASS" start="2025-10-30T17:24:45.058489" elapsed="0.000997"/>
</kw>
<kw name="Send Post Request And Get Response Data" owner="httpCommon">
<kw name="Create Session" owner="RequestsLibrary">
<msg time="2025-10-30T17:24:45.063476" level="INFO">Creating Session using : alias=session, url=https://boss-uat.fuse.co.id, headers={'Content-Type': 'application/json', 'clientType': 'application/json;charset=UTF-8', 'appCode': 'IDP_BOSS', 'fusetoken': 'eyJhbGciOiJIUzI1NiIsInppcCI6IkRFRiJ9.eNrcWW1v2zYQ_iuEP18AUS-UnG-Jk7ZBmjZzshYbChiMRCdaZMnVS1Oj6H_fkaIkUpGTtR3QblU_WHen4_Hu-JB88mVWi5zn9SpNZofUcRzGXJhVzc3scBaLwnHoDGbFVuTKYPb6pc9OwjfnJycnf6KiqUS5KotMoLZC9ZcPs_M_FkvxKRUPovwwO1TvZBDAh9lZXjUlz2OxKDZbnu-UVS8kvRRNly9-u2puNmlVpUV-x_Mk004tBXnVafCTq2YryqNkk-bKUL0S_S49inWTJ5dlEYuqKrQzJSOGsPOz5vdicNO-oW5R5HXJ4_qC5_xWR9TJSC9UU61FmfNMKYvMykunI1ppJ8ma4MYYx565OdglL-tclFc1r5tKO1WfaAVpNd14XcKWF9f81pzJ8oKghFxjOaq1Nnpd3KZVncbWDDqhHfn7tL5LSv7AcbpxUSadkqhvBi1p1cTQ9_WxhtHlsQY5KeJmI_L6nRId5clJ8ZBnBU_0N52etAYEG4QkholMV1kkTVwvRSZ4JeyO0DqilaPWGFXVzN2jopoFuuDlvaj5TSbssU0Hgw0ZB2G6wqmldSqqY57fn-Xr4t2QrlOtIlJHpJK8GxK3yHi6sfpWCizfC1xot0I3zVJ8bERVt6ZKQbp26lUgB02KshIy5VrcR9MriKEZ2vWYV2l8mqR1l3rtXcnb8DttF_6iMiJfXOku1r2r3q5LzFhT7gYc6CQGFFyLupLQRR3qesqoRslykCib-C5PY57tr1hv8mTBVLB2atr47aRYefxkFtVMo7EQ9gRot_P-EO3Gfs8RFWqjl1rBo_55ZSBxOwsTgd8iVPIa0UmXUpn1QrIuStJr0FwVRMeR5rdv1-s01h8pFRl0pFfaqTLLYWbKLIBaFrtVXGw0dq5KO8FSLTefDlqtNJ_vNPRdilIbtJvbrkM_Ympke5-dGYnENzOLl3wnAzxOswyntcDeHNpfaYhWkV4ne3z9cbRxvfhtVMHR2pWBTS_dVjMsw72J6T7Zl5nlxlx4Jvirvra62AJ_pbZ9nR6vXi1Xl2-X10evVxdHy_PT67M3Lw1cxIy0QRdZGu_M_CqBmWJM1oW9bY52Ztwif89xM3go07pHbxQSSzo1J9PvxJTMYa52uLQ3ElOMYFshkdL9TWEOMm4Kc4Tlxes0vx_t31JkWV3nMe5I69Ryi0LSSu1zhIUkVgHH8GFVr63B6edtUdZ2WQbZfsSyxtkPWNaI-zZUy9cTO-rIWd7wTHyO1VIxD5utBmfRqgaw-4on4Fjin1w98tC6auQhmTHHx4O0FwZjdVwkYnaYN1nWHZ1FVTRlLFY3u1rIA7RL_dCPPOaHoH8GAcWfruvRMHI9cJ3I9ZkX-h7QiIZsHnmOBx6aRSwIwFGP68xDGrj6rX0oihy__emEXujNw5DJF893aRi6kWXN0BjHdiGiLgbTuqJR6KNb37dt5WhuKGWBx6LQmVN7ZPyQeZHfW1PPZcHcxUE82w_12Zw50ZwBpW2YIbpDUzANPScc-3_q0VOmoY9xORhjFOLEA6YUOEn5P8JXyqjDqIt5wXniPBz6DYMYU30uNpyhNnSjSP90_ChQxfj1nqlW-vYHW9MzfTB3Tv1AZyLyogjL_o8cRXTu_pJ58jzHZw5tV5Qzd6N_zTOj4NO57zm-lc5fs11-6EE4rXdbREgXgbNo8Aa1O2tZCephFmabIr6XAhNAJffQgWfgIXZEnisBZ07pAGQRk7lDAPjORrYXgeeGLEJZMEfk9FwfWN8DQeD73vc2KA0QhZn_0_I_BUOM-v6P-vg5c6GB49IAC6Xq4f5A9WU7_ezp6NaQPY0_Qvf_t_j_E_CkUWmhznGzsxMU8VgJVznfSJlkz_AWgMf01VFSZGu0qOJCgprJjMKYBIUpqhMGMhNGxCX0jCSM2EjYQzrCFKUIU6QhmJQgjKk_2EvwgU3ewRMkHeyhK2CaW4NnqDOY5sPAZLtgiteCKeIKHlNToIknTA1Y5BJYLBI8zReBzQLBBNsDzxE6YJI0YNIxMCZeYJpagcfMCexnR2CC-oCe3IBJJgNMpgImOAl4gnWA5Qb20ggwTRGASQjAcPWH8TUf9l3mYXxTh8nrOFjXbRhfq2H6Hgr21RieuQLDc_damLyrztoD0huFQ-0RSXze4vEpZLiH410RT1B8u-3-0INXVDxmpbxWFniXZMrirzpFqOJrMXeDKDhwkjg68OPQPYioNz9gjPtzN_YiJiSySXdxh4WXq-O3V1co_cSzNOG1WG15yTdVF0x7Fb5LsezqmkzxYOZgBJVq09lhXTZigFP116b-D1DqrKdEGDneCfU_qUpEnG54dpLepjWO5Rjjd4lRAXz9GwAA__8.uSyU_KLNL1S_-eRiW-aTDbPHMsU0HIodmKW66qGBJQA'},                     cookies={}, auth=None, timeout=None, proxies=None, verify=True,                     debug=0 </msg>
<arg>session</arg>
<arg>${url}</arg>
<arg>headers=&amp;{headers}</arg>
<arg>verify=true</arg>
<doc>Create Session: create a HTTP session to a server</doc>
<status status="PASS" start="2025-10-30T17:24:45.062512" elapsed="0.000964"/>
</kw>
<kw name="POST On Session" owner="RequestsLibrary">
<msg time="2025-10-30T17:24:45.607022" level="INFO">POST Request : url=https://boss-uat.fuse.co.id/api/bpm/flow/approval 
 path_url=/api/bpm/flow/approval 
 headers={'User-Agent': 'python-requests/2.32.3', 'Accept-Encoding': 'gzip, deflate', 'Accept': '*/*', 'Connection': 'keep-alive', 'Content-Type': 'application/json', 'clientType': 'application/json;charset=UTF-8', 'appCode': 'IDP_BOSS', 'fusetoken': 'eyJhbGciOiJIUzI1NiIsInppcCI6IkRFRiJ9.eNrcWW1v2zYQ_iuEP18AUS-UnG-Jk7ZBmjZzshYbChiMRCdaZMnVS1Oj6H_fkaIkUpGTtR3QblU_WHen4_Hu-JB88mVWi5zn9SpNZofUcRzGXJhVzc3scBaLwnHoDGbFVuTKYPb6pc9OwjfnJycnf6KiqUS5KotMoLZC9ZcPs_M_FkvxKRUPovwwO1TvZBDAh9lZXjUlz2OxKDZbnu-UVS8kvRRNly9-u2puNmlVpUV-x_Mk004tBXnVafCTq2YryqNkk-bKUL0S_S49inWTJ5dlEYuqKrQzJSOGsPOz5vdicNO-oW5R5HXJ4_qC5_xWR9TJSC9UU61FmfNMKYvMykunI1ppJ8ma4MYYx565OdglL-tclFc1r5tKO1WfaAVpNd14XcKWF9f81pzJ8oKghFxjOaq1Nnpd3KZVncbWDDqhHfn7tL5LSv7AcbpxUSadkqhvBi1p1cTQ9_WxhtHlsQY5KeJmI_L6nRId5clJ8ZBnBU_0N52etAYEG4QkholMV1kkTVwvRSZ4JeyO0DqilaPWGFXVzN2jopoFuuDlvaj5TSbssU0Hgw0ZB2G6wqmldSqqY57fn-Xr4t2QrlOtIlJHpJK8GxK3yHi6sfpWCizfC1xot0I3zVJ8bERVt6ZKQbp26lUgB02KshIy5VrcR9MriKEZ2vWYV2l8mqR1l3rtXcnb8DttF_6iMiJfXOku1r2r3q5LzFhT7gYc6CQGFFyLupLQRR3qesqoRslykCib-C5PY57tr1hv8mTBVLB2atr47aRYefxkFtVMo7EQ9gRot_P-EO3Gfs8RFWqjl1rBo_55ZSBxOwsTgd8iVPIa0UmXUpn1QrIuStJr0FwVRMeR5rdv1-s01h8pFRl0pFfaqTLLYWbKLIBaFrtVXGw0dq5KO8FSLTefDlqtNJ_vNPRdilIbtJvbrkM_Ympke5-dGYnENzOLl3wnAzxOswyntcDeHNpfaYhWkV4ne3z9cbRxvfhtVMHR2pWBTS_dVjMsw72J6T7Zl5nlxlx4Jvirvra62AJ_pbZ9nR6vXi1Xl2-X10evVxdHy_PT67M3Lw1cxIy0QRdZGu_M_CqBmWJM1oW9bY52Ztwif89xM3go07pHbxQSSzo1J9PvxJTMYa52uLQ3ElOMYFshkdL9TWEOMm4Kc4Tlxes0vx_t31JkWV3nMe5I69Ryi0LSSu1zhIUkVgHH8GFVr63B6edtUdZ2WQbZfsSyxtkPWNaI-zZUy9cTO-rIWd7wTHyO1VIxD5utBmfRqgaw-4on4Fjin1w98tC6auQhmTHHx4O0FwZjdVwkYnaYN1nWHZ1FVTRlLFY3u1rIA7RL_dCPPOaHoH8GAcWfruvRMHI9cJ3I9ZkX-h7QiIZsHnmOBx6aRSwIwFGP68xDGrj6rX0oihy__emEXujNw5DJF893aRi6kWXN0BjHdiGiLgbTuqJR6KNb37dt5WhuKGWBx6LQmVN7ZPyQeZHfW1PPZcHcxUE82w_12Zw50ZwBpW2YIbpDUzANPScc-3_q0VOmoY9xORhjFOLEA6YUOEn5P8JXyqjDqIt5wXniPBz6DYMYU30uNpyhNnSjSP90_ChQxfj1nqlW-vYHW9MzfTB3Tv1AZyLyogjL_o8cRXTu_pJ58jzHZw5tV5Qzd6N_zTOj4NO57zm-lc5fs11-6EE4rXdbREgXgbNo8Aa1O2tZCephFmabIr6XAhNAJffQgWfgIXZEnisBZ07pAGQRk7lDAPjORrYXgeeGLEJZMEfk9FwfWN8DQeD73vc2KA0QhZn_0_I_BUOM-v6P-vg5c6GB49IAC6Xq4f5A9WU7_ezp6NaQPY0_Qvf_t_j_E_CkUWmhznGzsxMU8VgJVznfSJlkz_AWgMf01VFSZGu0qOJCgprJjMKYBIUpqhMGMhNGxCX0jCSM2EjYQzrCFKUIU6QhmJQgjKk_2EvwgU3ewRMkHeyhK2CaW4NnqDOY5sPAZLtgiteCKeIKHlNToIknTA1Y5BJYLBI8zReBzQLBBNsDzxE6YJI0YNIxMCZeYJpagcfMCexnR2CC-oCe3IBJJgNMpgImOAl4gnWA5Qb20ggwTRGASQjAcPWH8TUf9l3mYXxTh8nrOFjXbRhfq2H6Hgr21RieuQLDc_damLyrztoD0huFQ-0RSXze4vEpZLiH410RT1B8u-3-0INXVDxmpbxWFniXZMrirzpFqOJrMXeDKDhwkjg68OPQPYioNz9gjPtzN_YiJiSySXdxh4WXq-O3V1co_cSzNOG1WG15yTdVF0x7Fb5LsezqmkzxYOZgBJVq09lhXTZigFP116b-D1DqrKdEGDneCfU_qUpEnG54dpLepjWO5Rjjd4lRAXz9GwAA__8.uSyU_KLNL1S_-eRiW-aTDbPHMsU0HIodmKW66qGBJQA', 'Content-Length': '4144'} 
 body={"action": "Approval", "workflow": "BillingFlow", "comment": {"classify1": ""}, "data": {"paymentBillingNo": "1983826961630695425", "confirmSlipLs": [{"amount": 1570500, "beneficiaryBankAccount": "0013334545", "beneficiaryId": "6603000949", "beneficiaryName": "PT. Zurich General Takaful Indonesia", "beneficiaryRole": 1, "bizId": "1883742960001474562", "bizTransactionId": "62178F8CF265491AA3ADD45CC371F4D1", "bizType": 1, "body": "ZURICH SYARIAH BASIC CAR", "channelAccountId": 302, "channelCode": "offline", "channelId": 9, "currency": "IDR", "expirationTime": 1741021200000, "extra": "{\"mpCode\": \"M_00015\", \"source\": 0, \"groupId\": \"1883742960001474562\", \"orderId\": \"1883742960001474562\", \"orderNo\": \"FUSE-20250127-120454580\", \"version\": 2, \"realName\": \"Wei\", \"bizSource\": 1, \"orderType\": 1, \"payerType\": 2, \"businessId\": \"FUSE-20250127-120454580\", \"partnerUid\": 1800007807690, \"insuredName\": \"2025-01-27 13:04:51:307 later\", \"orderSlipId\": \"1883742962392227842\", \"partnerCode\": \"99485f35\", \"partnerName\": \"Wei\", \"customerCity\": \"Kab. Tanjung Jabung Barat\", \"customerName\": \"later 2025-01-27 13:04:51:307\", \"partnerEmail\": \"cece@fuseinsurtech.com\", \"customerEmail\": \"kiko2@163.com\", \"partnerMobile\": \"8123268989\", \"customerMobile\": \"8188123500\", \"partnerAddress\": \"place\", \"installmentFlag\": 0, \"productCategory\": \"car\", \"customerDistrict\": \"Muara Papalik\", \"customerProvince\": \"Jambi\", \"insuranceCompanyAbbr\": \"ZURICH SYARIAH\", \"commissionBrokerPermission\": false, \"specialBonusBrokerPermission\": false}", "finishTime": 1738615668000, "initTime": 1737954554000, "methodChannelId": 110, "methodCode": "1101", "methodId": 10048, "paymentBillingId": 26276, "paymentBillingNo": "1983826961630695425", "paymentSlipNo": "D8A1F7FF10A34BFCA64265CF8112D276", "referenceNo": "E34DF541F6A64FB8B83905581397D1D4", "status": 2, "subject": "paying[FUSE-20250127-120454580]", "tenantId": 1000662, "userId": "1800007807690", "voucherSchema": [{"attachKey": "1", "attachmentId": "fuse-id-core-prod-rw_images/20250203/6270acbae3244c1b89a4faa9c0c0c7f2.png", "code": "DBEF01F551294000A41E2F0D42AC323C", "tradingId": "CA317324E7B0454CBF37C29428599167", "tradingType": 1, "uid": 7399}], "index": 0, "actualAmount": 1570500, "attachmentLs": [{"fileKey": "fuse-id-core-prod-rw_images/20250203/4636728a68ea4f11ad095da384c0c664.png", "fileName": "cry.png", "fileType": "png", "fileUrl": "https://oss-pre.fuse.co.id/images/20250203/4636728a68ea4f11ad095da384c0c664.png?Expires=1738627199&amp;OSSAccessKeyId=LTAI5tPgSx4JTJLnSZwvmfay&amp;Signature=KBxr606uwOIV1btLg0YAc22jCMw%3D", "uploadUrl": "https://fuse-id-core-prod-rw.oss-ap-southeast-5.aliyuncs.com/images/20250203/4636728a68ea4f11ad095da384c0c664.png?Expires=1738617745&amp;OSSAccessKeyId=LTAI5tPgSx4JTJLnSZwvmfay&amp;Signature=kVQGZFHD8iLiQ28ne0AoGKLmHGI%3D", "name": "cry.png", "url": "https://oss-pre.fuse.co.id/images/20250203/4636728a68ea4f11ad095da384c0c664.png?Expires=1738627199&amp;OSSAccessKeyId=LTAI5tPgSx4JTJLnSZwvmfay&amp;Signature=KBxr606uwOIV1btLg0YAc22jCMw%3D", "uid": 1738617448082, "status": "success", "attachmentId": "fuse-id-core-prod-rw_images/20250203/4636728a68ea4f11ad095da384c0c664.png", "attachKey": 1}]}], "finalPayableAmount": 1560500, "overpaymentAmount": "10000", "paymentBillNo": "1883744047807434754", "paymentBizType": 1, "paymentBizId": "1883742960001474562", "businessId": "FUSE-20250127-120454580", "methodCode": "1101", "balanceDeductionLs": [], "bonus": 0, "point": 0, "payerType": 2, "paymentScheme": 1, "bizAmount": 1560500, "finishTime": 1738615668000, "beneficiaryBankAccount": "0013334545", "actualPaymentAmount": 1570500, "beneficiaryId": "6603000949", "beneficiaryName": "PT. Zurich General Takaful Indonesia", "beneficiaryRole": 1, "beneficiaryOptions": [{"beneficiaryId": "6603000949", "beneficiaryName": "PT. Zurich General Takaful Indonesia", "beneficiaryRole": 1}, {"beneficiaryId": "6604000375", "beneficiaryName": "PT Pialang Asuransi Indotekno", "beneficiaryRole": 2}], "transactionId": "", "bizTransactionId": "", "orderId": ""}, "taskId": "12c4c5a8-b572-11f0-a1dc-4261e0b9eb68"} 
 </msg>
<msg time="2025-10-30T17:24:45.608019" level="INFO">POST Response : url=https://boss-uat.fuse.co.id/api/bpm/flow/approval 
 status=200, reason= 
 headers={'Server': 'nginx', 'Date': 'Thu, 30 Oct 2025 09:24:45 GMT', 'Content-Type': 'application/json;charset=UTF-8', 'Content-Length': '90', 'Connection': 'keep-alive', 'Vary': 'Origin, Access-Control-Request-Method, Access-Control-Request-Headers', 'trace': 'ec96aa36714da554', 'x-trace-id': 'ec96aa36714da554', 'X-XSS-Protection': '1; mode=block', 'X-Content-Type-Options': 'nosniff', 'Strict-Transport-Security': 'max-age=31536000;includeSubDomains', 'Set-Cookie': 'Path=/; HttpOnly; Secure'} 
 body={"code":200,"data":{},"header":{"message":"SUCCESS","resultCode":200},"message":"SUCCESS"} 
 </msg>
<msg time="2025-10-30T17:24:45.608019" level="INFO">${response} = &lt;Response [200]&gt;</msg>
<var>${response}</var>
<arg>session</arg>
<arg>${path}</arg>
<arg>${body}</arg>
<doc>Sends a POST request on a previously created HTTP Session.</doc>
<status status="PASS" start="2025-10-30T17:24:45.064506" elapsed="0.543513"/>
</kw>
<return>
<value>${response}</value>
<status status="PASS" start="2025-10-30T17:24:45.609017" elapsed="0.000000"/>
</return>
<msg time="2025-10-30T17:24:45.610014" level="INFO">${response} = &lt;Response [200]&gt;</msg>
<var>${response}</var>
<arg>${base_url}</arg>
<arg>${path}</arg>
<arg>${headers}</arg>
<arg>${payload}</arg>
<doc>发送请求，获取response 返回 Data数据</doc>
<status status="PASS" start="2025-10-30T17:24:45.060484" elapsed="0.549530"/>
</kw>
<return>
<value>${response}</value>
<status status="PASS" start="2025-10-30T17:24:45.610014" elapsed="0.000000"/>
</return>
<msg time="2025-10-30T17:24:45.611012" level="INFO">${response} = &lt;Response [200]&gt;</msg>
<var>${response}</var>
<arg>${bossToken}</arg>
<arg>${strBody}</arg>
<status status="PASS" start="2025-10-30T17:24:45.052505" elapsed="0.558507"/>
</kw>
<kw name="Set Test Variable" owner="BuiltIn">
<msg time="2025-10-30T17:24:45.613006" level="INFO">${jsonResult} = {'code': 200, 'data': {}, 'header': {'message': 'SUCCESS', 'resultCode': 200}, 'message': 'SUCCESS'}</msg>
<arg>${jsonResult}</arg>
<arg>${response.json()}</arg>
<doc>Makes a variable available everywhere within the scope of the current test.</doc>
<status status="PASS" start="2025-10-30T17:24:45.612009" elapsed="0.001995"/>
</kw>
<kw name="Log" owner="BuiltIn">
<msg time="2025-10-30T17:24:45.615001" level="INFO">{'code': 200, 'data': {}, 'header': {'message': 'SUCCESS', 'resultCode': 200}, 'message': 'SUCCESS'}</msg>
<arg>${jsonResult}</arg>
<doc>Logs the given message with the given level.</doc>
<status status="PASS" start="2025-10-30T17:24:45.614004" elapsed="0.000997"/>
</kw>
<arg>${AP_POSITIVE_DATA}</arg>
<arg>${bossToken}</arg>
<arg>${paymentBillNo}</arg>
<arg>${taskId}</arg>
<arg>${actualPayableAmount}</arg>
<arg>${actualPaymentAmount}</arg>
<arg>${overpaymentAmount}</arg>
<doc>Business operation: approve payment billing task in Task&gt;&gt;Payment Billing Flow List</doc>
<status status="PASS" start="2025-10-30T17:24:44.205769" elapsed="1.410229"/>
</kw>
<kw name="Then The status code should be 200" owner="assertUtil">
<kw name="Should Be Equal As Numbers" owner="BuiltIn">
<msg time="2025-10-30T17:24:45.618991" level="INFO">Argument types are:
&lt;class 'int'&gt;
&lt;class 'str'&gt;</msg>
<arg>${code}</arg>
<arg>200</arg>
<doc>Fails if objects are unequal after converting them to real numbers.</doc>
<status status="PASS" start="2025-10-30T17:24:45.617993" elapsed="0.000998"/>
</kw>
<arg>${jsonResult}[code]</arg>
<status status="PASS" start="2025-10-30T17:24:45.615998" elapsed="0.002993"/>
</kw>
<kw name="Then finally Log the OrderNo ${orderNo}" owner="utilCommon" source_name="finally Log the OrderNo ${orderNo}">
<kw name="Log" owner="BuiltIn">
<msg time="2025-10-30T17:24:45.621982" level="INFO">FUSE-20251030-162254411</msg>
<arg>${orderNo}</arg>
<doc>Logs the given message with the given level.</doc>
<status status="PASS" start="2025-10-30T17:24:45.620984" elapsed="0.000998"/>
</kw>
<status status="PASS" start="2025-10-30T17:24:45.619987" elapsed="0.002992"/>
</kw>
<kw name="Delete All Sessions" owner="RequestsLibrary" type="TEARDOWN">
<msg time="2025-10-30T17:24:45.623976" level="INFO">Deleting All Sessions</msg>
<doc>Removes all the session objects</doc>
<status status="PASS" start="2025-10-30T17:24:45.622979" elapsed="0.005984"/>
</kw>
<tag>uat</tag>
<tag>upload-payment-proof</tag>
<status status="PASS" start="2025-10-30T17:22:50.601519" elapsed="115.028441"/>
</test>
<status status="PASS" start="2025-10-30T17:22:49.287033" elapsed="116.343924"/>
</suite>
<statistics>
<total>
<stat pass="1" fail="0" skip="0">All Tests</stat>
</total>
<tag>
<stat pass="1" fail="0" skip="0">uat</stat>
<stat pass="1" fail="0" skip="0">upload-payment-proof</stat>
</tag>
<suite>
<stat pass="1" fail="0" skip="0" id="s1" name="QAPI-63 UploadPaymentPproof WithOverpayment Approved">QAPI-63 UploadPaymentPproof WithOverpayment Approved</stat>
</suite>
</statistics>
<errors>
</errors>
</robot>
